{"level":"debug","Logging":"info","time":"2024-09-27T20:06:53+08:00","message":"Config"}
{"level":"debug","UseTLS":false,"time":"2024-09-27T20:06:53+08:00","message":"Config"}
{"level":"debug","CACertFile":"tls-data/ca.pem","time":"2024-09-27T20:06:53+08:00","message":"Config"}
{"level":"debug","KeyFile":"tls-data/auth.key","time":"2024-09-27T20:06:53+08:00","message":"Config"}
{"level":"debug","CertFile":"tls-data/auth.pem","time":"2024-09-27T20:06:53+08:00","message":"Config"}
{"level":"debug","PriorityConnections":2,"time":"2024-09-27T20:06:53+08:00","message":"Config"}
{"level":"debug","BasicConnections":4,"time":"2024-09-27T20:06:53+08:00","message":"Config"}
{"level":"debug","TestConnections":false,"time":"2024-09-27T20:06:53+08:00","message":"Config"}
{"level":"debug","ExcessConnections":1,"time":"2024-09-27T20:06:53+08:00","message":"Config"}
{"level":"debug","ConnectionTestMsgs":4,"time":"2024-09-27T20:06:53+08:00","message":"Config"}
{"level":"debug","ConnectionTestPayload":131072,"time":"2024-09-27T20:06:53+08:00","message":"Config"}
{"level":"debug","OutMessageBufsize":1024,"time":"2024-09-27T20:06:53+08:00","message":"Config"}
{"level":"debug","OutMessageBufsize":1,"time":"2024-09-27T20:06:53+08:00","message":"Config"}
{"level":"debug","ThroughputCap":131072000,"time":"2024-09-27T20:06:53+08:00","message":"Config"}
{"level":"debug","StragglerTolerance":1000,"time":"2024-09-27T20:06:53+08:00","message":"Config"}
{"level":"debug","BatchSizeIncrement":256,"time":"2024-09-27T20:06:53+08:00","message":"Config"}
{"level":"debug","Orderer":"Pbft","time":"2024-09-27T20:06:53+08:00","message":"Config"}
{"level":"debug","Manager":"Mir","time":"2024-09-27T20:06:53+08:00","message":"Config"}
{"level":"debug","Failures":0,"time":"2024-09-27T20:06:53+08:00","message":"Config"}
{"level":"debug","CrashTiming":"EpochStart","time":"2024-09-27T20:06:53+08:00","message":"Config"}
{"level":"debug","CheckpointInterval":256,"time":"2024-09-27T20:06:53+08:00","message":"Config"}
{"level":"debug","WatermarkWindowSize":256,"time":"2024-09-27T20:06:53+08:00","message":"Config"}
{"level":"debug","EpochLength":256,"time":"2024-09-27T20:06:53+08:00","message":"Config"}
{"level":"debug","SegmentLength":256,"time":"2024-09-27T20:06:53+08:00","message":"Config"}
{"level":"debug","WaitForCheckpoints":true,"time":"2024-09-27T20:06:53+08:00","message":"Config"}
{"level":"debug","ClientWatermarkWindowSize":4194304,"time":"2024-09-27T20:06:53+08:00","message":"Config"}
{"level":"debug","ClientRequestBacklogSize":4194304,"time":"2024-09-27T20:06:53+08:00","message":"Config"}
{"level":"debug","RandomSeed":2479,"time":"2024-09-27T20:06:53+08:00","message":"Config"}
{"level":"debug","NodeToLeaderRatio":1,"time":"2024-09-27T20:06:53+08:00","message":"Config"}
{"level":"debug","LeaderPolicy":"Single","time":"2024-09-27T20:06:53+08:00","message":"Config"}
{"level":"debug","DefaultLeaderBan":2,"time":"2024-09-27T20:06:53+08:00","message":"Config"}
{"level":"debug","NumBuckets":16,"time":"2024-09-27T20:06:53+08:00","message":"Config"}
{"level":"debug","BatchSize":1000,"time":"2024-09-27T20:06:53+08:00","message":"Config"}
{"level":"debug","BatchTimeoutMs":1000,"time":"2024-09-27T20:06:53+08:00","message":"Config"}
{"level":"debug","DisabledViewChange":false,"time":"2024-09-27T20:06:53+08:00","message":"Config"}
{"level":"debug","ViewChangeTimeout":60000,"time":"2024-09-27T20:06:53+08:00","message":"Config"}
{"level":"debug","ClientTraceSampling":10,"time":"2024-09-27T20:06:53+08:00","message":"Config"}
{"level":"debug","EventBufferSize":2097152,"time":"2024-09-27T20:06:53+08:00","message":"Config"}
{"level":"debug","TraceSampling":1,"time":"2024-09-27T20:06:53+08:00","message":"Config"}
{"level":"debug","ClientsPerProcess":1,"time":"2024-09-27T20:06:53+08:00","message":"Config"}
{"level":"debug","RequestsPerClient":2400000,"time":"2024-09-27T20:06:53+08:00","message":"Config"}
{"level":"debug","ClientRunTime":1200000,"time":"2024-09-27T20:06:53+08:00","message":"Config"}
{"level":"debug","RequestRate":1000,"time":"2024-09-27T20:06:53+08:00","message":"Config"}
{"level":"debug","HardRequestRateLimit":false,"time":"2024-09-27T20:06:53+08:00","message":"Config"}
{"level":"debug","RequestPayloadSize":200,"time":"2024-09-27T20:06:53+08:00","message":"Config"}
{"level":"debug","SignRequests":true,"time":"2024-09-27T20:06:53+08:00","message":"Config"}
{"level":"debug","ClientPrivKeyFile":"tls-data/client-ecdsa-256.key","time":"2024-09-27T20:06:53+08:00","message":"Config"}
{"level":"debug","ClientPubKeyFile":"tls-data/client-ecdsa-256.pem","time":"2024-09-27T20:06:53+08:00","message":"Config"}
{"level":"debug","PrecomputeRequests":false,"time":"2024-09-27T20:06:53+08:00","message":"Config"}
{"level":"debug","RequestHandlerThreads":32,"time":"2024-09-27T20:06:53+08:00","message":"Config"}
{"level":"debug","RequestInputChannelBuffer":8192,"time":"2024-09-27T20:06:53+08:00","message":"Config"}
{"level":"debug","BatchVerifier":"external","time":"2024-09-27T20:06:53+08:00","message":"Config"}
20:06:53.263 INF Registered with discovery server. numPeers=4 ownID=1
20:06:53.263 INF Profiling enabled.
20:06:53.263 INF Setting up profiling.
20:06:53.263 INF Started Profiler: CPU
20:06:53.264 INF Started Profiler: BLOCK
20:06:53.264 INF Started Profiler: MUTEX
20:06:53.264 INF Profiler will stop on signal. exit=true
20:06:53.264 INF Tracing will stop on signal. exit=false
20:06:53.265 INF Started tracing. traceFile=experiment-output/0000/slave-004/peer.trc
20:06:53.265 INF Listening for connections. port=10011 useTLS=false
20:06:53.265 INF Connecting to peer. addr=127.0.0.1:10011 basicConns=4 priorityConns=2
20:06:53.265 INF Connecting to peer. addr=127.0.0.1:10022 basicConns=4 priorityConns=2
20:06:53.265 INF Connecting to peer. addr=127.0.0.1:10000 basicConns=4 priorityConns=2
20:06:53.265 INF Connecting to peer. addr=127.0.0.1:10033 basicConns=4 priorityConns=2
20:06:53.271 INF Incoming connection for protocol messages. addr=127.0.0.1:33562
20:06:53.276 INF Incoming connection for protocol messages. addr=127.0.0.1:33592
20:06:53.275 INF Incoming connection for protocol messages. addr=127.0.0.1:33576
20:06:53.283 INF Incoming connection for protocol messages. addr=127.0.0.1:33578
20:06:53.283 INF Incoming connection for protocol messages. addr=127.0.0.1:33554
20:06:53.283 INF Incoming connection for protocol messages. addr=127.0.0.1:33598
20:06:53.283 INF Incoming connection for protocol messages. addr=127.0.0.1:33610
20:06:53.285 INF Incoming connection for protocol messages. addr=127.0.0.1:33624
20:06:53.286 INF Incoming connection for protocol messages. addr=127.0.0.1:33668
20:06:53.286 INF Incoming connection for protocol messages. addr=127.0.0.1:33658
20:06:53.286 INF Incoming connection for protocol messages. addr=127.0.0.1:33718
20:06:53.286 INF Incoming connection for protocol messages. addr=127.0.0.1:33684
20:06:53.286 INF Incoming connection for protocol messages. addr=127.0.0.1:33604
20:06:53.286 INF Incoming connection for protocol messages. addr=127.0.0.1:33706
20:06:53.286 INF Incoming connection for protocol messages. addr=127.0.0.1:33652
20:06:53.287 INF Incoming connection for protocol messages. addr=127.0.0.1:33734
20:06:53.288 INF Incoming connection for protocol messages. addr=127.0.0.1:33724
20:06:53.288 INF Incoming connection for protocol messages. addr=127.0.0.1:33632
20:06:53.289 INF Incoming connection for protocol messages. addr=127.0.0.1:33646
20:06:53.289 INF Incoming connection for protocol messages. addr=127.0.0.1:33694
20:06:53.289 INF Incoming connection for protocol messages. addr=127.0.0.1:33744
20:06:53.290 INF Connected to all peers.
20:06:53.290 INF Incoming connection for protocol messages. addr=127.0.0.1:33750
20:06:53.290 INF Incoming connection for protocol messages. addr=127.0.0.1:33606
20:06:53.291 INF Incoming connection for protocol messages. addr=127.0.0.1:33764
20:06:53.294 INF All peers finished connecting. Starting ISS.
20:06:53.295 INF PbftOrderer received a new segment: [0 1 2 3 4 5 6 7 8 9 10 11 12 13 14 15 16 17 18 19 20 21 22 23 24 25 26 27 28 29 30 31 32 33 34 35 36 37 38 39 40 41 42 43 44 45 46 47 48 49 50 51 52 53 54 55 56 57 58 59 60 61 62 63 64 65 66 67 68 69 70 71 72 73 74 75 76 77 78 79 80 81 82 83 84 85 86 87 88 89 90 91 92 93 94 95 96 97 98 99 100 101 102 103 104 105 106 107 108 109 110 111 112 113 114 115 116 117 118 119 120 121 122 123 124 125 126 127 128 129 130 131 132 133 134 135 136 137 138 139 140 141 142 143 144 145 146 147 148 149 150 151 152 153 154 155 156 157 158 159 160 161 162 163 164 165 166 167 168 169 170 171 172 173 174 175 176 177 178 179 180 181 182 183 184 185 186 187 188 189 190 191 192 193 194 195 196 197 198 199 200 201 202 203 204 205 206 207 208 209 210 211 212 213 214 215 216 217 218 219 220 221 222 223 224 225 226 227 228 229 230 231 232 233 234 235 236 237 238 239 240 241 242 243 244 245 246 247 248 249 250 251 252 253 254 255] first leader=0 firstSN=0 lastSN=255 len=256 length=256 segId=0
20:06:53.316 INF Starting new view. segID=0 timeout=60000 view=0
20:06:53.317 INF Starting PBFT instance. first=0 last=255 segID=0
20:06:53.317 INF Starting serialized message processing. segID=0
20:06:54.325 INF Handling PREPREPARE. nReq=0 senderID=0 sn=0
20:06:54.328 INF Committed entry. latency=0 nReq=0 sn=0
20:06:54.328 INF Delivered batch. nReq=0 sn=0
20:06:55.319 INF Handling PREPREPARE. nReq=0 senderID=0 sn=1
20:06:55.322 INF Committed entry. latency=0 nReq=0 sn=1
20:06:55.322 INF Delivered batch. nReq=0 sn=1
20:06:55.340 INF Incoming connection for requests. addr=127.0.0.1:48822
20:06:56.369 INF Handling PREPREPARE. nReq=969 senderID=0 sn=2
20:06:56.414 INF Committed entry. latency=0 nReq=969 sn=2
20:06:56.414 INF Delivered batch. nReq=969 sn=2
20:06:57.354 INF Handling PREPREPARE. nReq=1000 senderID=0 sn=3
20:06:57.382 INF Committed entry. latency=0 nReq=1000 sn=3
20:06:57.383 INF Delivered batch. nReq=1000 sn=3
20:06:58.358 INF Handling PREPREPARE. nReq=1000 senderID=0 sn=4
20:06:58.413 INF Committed entry. latency=0 nReq=1000 sn=4
20:06:58.413 INF Delivered batch. nReq=1000 sn=4
20:06:59.299 INF collect metrics. times=2 timestamp=1727438819299260546
20:06:59.347 INF Handling PREPREPARE. nReq=1000 senderID=0 sn=5
20:06:59.387 INF Committed entry. latency=0 nReq=1000 sn=5
20:06:59.387 INF Delivered batch. nReq=1000 sn=5
20:06:59.799 INF send metrics to agent. timestamp=1727438819799228676
20:06:59.804 INF receive response and modify the config timestamp=1727438819804860569
20:07:00.298 INF collect metrics. times=3 timestamp=1727438820298594159
==================
WARNING: DATA RACE
Read at 0x0000012d99f0 by goroutine 543:
  main.main.func1()
      /opt/gopath/src/github.com/hyperledger-labs/mirbft/cmd/orderingpeer/main.go:298 +0xacb

Previous write at 0x0000012d99f0 by goroutine 545:
  main.main.func1.1()
      /opt/gopath/src/github.com/hyperledger-labs/mirbft/cmd/orderingpeer/main.go:272 +0x5e4

Goroutine 543 (running) created at:
  main.main()
      /opt/gopath/src/github.com/hyperledger-labs/mirbft/cmd/orderingpeer/main.go:214 +0x17dd
  runtime.deferreturn()
      /home/ubuntu/go/src/runtime/panic.go:476 +0x32
  main.main()
      /opt/gopath/src/github.com/hyperledger-labs/mirbft/cmd/orderingpeer/main.go:166 +0xed8
  runtime.deferreturn()
      /home/ubuntu/go/src/runtime/panic.go:476 +0x32
  main.main()
      /opt/gopath/src/github.com/hyperledger-labs/mirbft/cmd/orderingpeer/main.go:82 +0x56c

Goroutine 545 (running) created at:
  main.main.func1()
      /opt/gopath/src/github.com/hyperledger-labs/mirbft/cmd/orderingpeer/main.go:256 +0x4ee
==================
==================
WARNING: DATA RACE
Read at 0x0000012d99f8 by goroutine 543:
  main.main.func1()
      /opt/gopath/src/github.com/hyperledger-labs/mirbft/cmd/orderingpeer/main.go:298 +0xafa

Previous write at 0x0000012d99f8 by goroutine 545:
  main.main.func1.1()
      /opt/gopath/src/github.com/hyperledger-labs/mirbft/cmd/orderingpeer/main.go:273 +0x89

Goroutine 543 (running) created at:
  main.main()
      /opt/gopath/src/github.com/hyperledger-labs/mirbft/cmd/orderingpeer/main.go:214 +0x17dd
  runtime.deferreturn()
      /home/ubuntu/go/src/runtime/panic.go:476 +0x32
  main.main()
      /opt/gopath/src/github.com/hyperledger-labs/mirbft/cmd/orderingpeer/main.go:166 +0xed8
  runtime.deferreturn()
      /home/ubuntu/go/src/runtime/panic.go:476 +0x32
  main.main()
      /opt/gopath/src/github.com/hyperledger-labs/mirbft/cmd/orderingpeer/main.go:82 +0x56c

Goroutine 545 (running) created at:
  main.main.func1()
      /opt/gopath/src/github.com/hyperledger-labs/mirbft/cmd/orderingpeer/main.go:256 +0x4ee
==================
20:07:00.342 INF Handling PREPREPARE. nReq=980 senderID=0 sn=6
20:07:00.366 INF Committed entry. latency=0 nReq=980 sn=6
20:07:00.366 INF Delivered batch. nReq=980 sn=6
20:07:00.440 INF Handling PREPREPARE. nReq=128 senderID=0 sn=7
20:07:00.452 INF Committed entry. latency=0 nReq=128 sn=7
20:07:00.452 INF Delivered batch. nReq=128 sn=7
20:07:00.535 INF Handling PREPREPARE. nReq=50 senderID=0 sn=8
20:07:00.542 INF Committed entry. latency=0 nReq=50 sn=8
20:07:00.542 INF Delivered batch. nReq=50 sn=8
20:07:00.635 INF Handling PREPREPARE. nReq=38 senderID=0 sn=9
20:07:00.642 INF Committed entry. latency=0 nReq=38 sn=9
20:07:00.642 INF Delivered batch. nReq=38 sn=9
20:07:00.745 INF Handling PREPREPARE. nReq=217 senderID=0 sn=10
20:07:00.762 INF Committed entry. latency=0 nReq=217 sn=10
20:07:00.763 INF Delivered batch. nReq=217 sn=10
20:07:00.798 INF send metrics to agent. timestamp=1727438820798389554
20:07:00.804 INF receive response and modify the config timestamp=1727438820804798154
20:07:00.838 INF Handling PREPREPARE. nReq=98 senderID=0 sn=11
20:07:00.848 INF Committed entry. latency=0 nReq=98 sn=11
20:07:00.848 INF Delivered batch. nReq=98 sn=11
20:07:00.941 INF Handling PREPREPARE. nReq=102 senderID=0 sn=12
20:07:00.952 INF Committed entry. latency=0 nReq=102 sn=12
20:07:00.952 INF Delivered batch. nReq=102 sn=12
20:07:01.041 INF Handling PREPREPARE. nReq=101 senderID=0 sn=13
20:07:01.052 INF Committed entry. latency=0 nReq=101 sn=13
20:07:01.052 INF Delivered batch. nReq=101 sn=13
20:07:01.141 INF Handling PREPREPARE. nReq=100 senderID=0 sn=14
20:07:01.151 INF Committed entry. latency=0 nReq=100 sn=14
20:07:01.151 INF Delivered batch. nReq=100 sn=14
20:07:01.241 INF Handling PREPREPARE. nReq=102 senderID=0 sn=15
20:07:01.253 INF Committed entry. latency=0 nReq=102 sn=15
20:07:01.253 INF Delivered batch. nReq=102 sn=15
20:07:01.298 INF collect metrics. times=4 timestamp=1727438821298865323
20:07:01.343 INF Handling PREPREPARE. nReq=100 senderID=0 sn=16
20:07:01.353 INF Committed entry. latency=0 nReq=100 sn=16
20:07:01.353 INF Delivered batch. nReq=100 sn=16
20:07:01.443 INF Handling PREPREPARE. nReq=100 senderID=0 sn=17
20:07:01.452 INF Committed entry. latency=0 nReq=100 sn=17
20:07:01.453 INF Delivered batch. nReq=100 sn=17
20:07:01.544 INF Handling PREPREPARE. nReq=101 senderID=0 sn=18
20:07:01.555 INF Committed entry. latency=0 nReq=101 sn=18
20:07:01.555 INF Delivered batch. nReq=101 sn=18
20:07:01.645 INF Handling PREPREPARE. nReq=101 senderID=0 sn=19
20:07:01.657 INF Committed entry. latency=0 nReq=101 sn=19
20:07:01.657 INF Delivered batch. nReq=101 sn=19
20:07:01.746 INF Handling PREPREPARE. nReq=101 senderID=0 sn=20
20:07:01.756 INF Committed entry. latency=0 nReq=101 sn=20
20:07:01.756 INF Delivered batch. nReq=101 sn=20
20:07:01.798 INF send metrics to agent. timestamp=1727438821798337350
20:07:01.803 INF receive response and modify the config timestamp=1727438821803073393
20:07:01.848 INF Handling PREPREPARE. nReq=101 senderID=0 sn=21
20:07:01.859 INF Committed entry. latency=0 nReq=101 sn=21
20:07:01.859 INF Delivered batch. nReq=101 sn=21
20:07:01.944 INF Handling PREPREPARE. nReq=102 senderID=0 sn=22
20:07:01.952 INF Committed entry. latency=0 nReq=102 sn=22
20:07:01.952 INF Delivered batch. nReq=102 sn=22
20:07:02.050 INF Handling PREPREPARE. nReq=101 senderID=0 sn=23
20:07:02.061 INF Committed entry. latency=0 nReq=101 sn=23
20:07:02.061 INF Delivered batch. nReq=101 sn=23
20:07:02.151 INF Handling PREPREPARE. nReq=101 senderID=0 sn=24
20:07:02.161 INF Committed entry. latency=0 nReq=101 sn=24
20:07:02.162 INF Delivered batch. nReq=101 sn=24
20:07:02.252 INF Handling PREPREPARE. nReq=100 senderID=0 sn=25
20:07:02.262 INF Committed entry. latency=0 nReq=100 sn=25
20:07:02.262 INF Delivered batch. nReq=100 sn=25
20:07:02.298 INF collect metrics. times=5 timestamp=1727438822298560306
20:07:02.352 INF Handling PREPREPARE. nReq=101 senderID=0 sn=26
20:07:02.362 INF Committed entry. latency=0 nReq=101 sn=26
20:07:02.362 INF Delivered batch. nReq=101 sn=26
20:07:02.453 INF Handling PREPREPARE. nReq=101 senderID=0 sn=27
20:07:02.462 INF Committed entry. latency=0 nReq=101 sn=27
20:07:02.463 INF Delivered batch. nReq=101 sn=27
20:07:02.553 INF Handling PREPREPARE. nReq=102 senderID=0 sn=28
20:07:02.564 INF Committed entry. latency=0 nReq=102 sn=28
20:07:02.564 INF Delivered batch. nReq=102 sn=28
20:07:02.656 INF Handling PREPREPARE. nReq=101 senderID=0 sn=29
20:07:02.666 INF Committed entry. latency=0 nReq=101 sn=29
20:07:02.666 INF Delivered batch. nReq=101 sn=29
20:07:02.757 INF Handling PREPREPARE. nReq=101 senderID=0 sn=30
20:07:02.768 INF Committed entry. latency=0 nReq=101 sn=30
20:07:02.768 INF Delivered batch. nReq=101 sn=30
20:07:02.799 INF send metrics to agent. timestamp=1727438822799217091
20:07:02.802 INF receive response and modify the config timestamp=1727438822802721540
20:07:02.859 INF Handling PREPREPARE. nReq=100 senderID=0 sn=31
20:07:02.870 INF Committed entry. latency=0 nReq=100 sn=31
20:07:02.870 INF Delivered batch. nReq=100 sn=31
20:07:02.959 INF Handling PREPREPARE. nReq=103 senderID=0 sn=32
20:07:02.970 INF Committed entry. latency=0 nReq=103 sn=32
20:07:02.970 INF Delivered batch. nReq=103 sn=32
20:07:03.059 INF Handling PREPREPARE. nReq=99 senderID=0 sn=33
20:07:03.069 INF Committed entry. latency=0 nReq=99 sn=33
20:07:03.070 INF Delivered batch. nReq=99 sn=33
20:07:03.161 INF Handling PREPREPARE. nReq=101 senderID=0 sn=34
20:07:03.172 INF Committed entry. latency=0 nReq=101 sn=34
20:07:03.172 INF Delivered batch. nReq=101 sn=34
20:07:03.261 INF Handling PREPREPARE. nReq=101 senderID=0 sn=35
20:07:03.271 INF Committed entry. latency=0 nReq=101 sn=35
20:07:03.271 INF Delivered batch. nReq=101 sn=35
20:07:03.298 INF collect metrics. times=6 timestamp=1727438823298571630
20:07:03.361 INF Handling PREPREPARE. nReq=101 senderID=0 sn=36
20:07:03.371 INF Committed entry. latency=0 nReq=101 sn=36
20:07:03.372 INF Delivered batch. nReq=101 sn=36
20:07:03.461 INF Handling PREPREPARE. nReq=101 senderID=0 sn=37
20:07:03.471 INF Committed entry. latency=0 nReq=101 sn=37
20:07:03.471 INF Delivered batch. nReq=101 sn=37
20:07:03.562 INF Handling PREPREPARE. nReq=100 senderID=0 sn=38
20:07:03.572 INF Committed entry. latency=0 nReq=100 sn=38
20:07:03.572 INF Delivered batch. nReq=100 sn=38
20:07:03.662 INF Handling PREPREPARE. nReq=100 senderID=0 sn=39
20:07:03.672 INF Committed entry. latency=0 nReq=100 sn=39
20:07:03.673 INF Delivered batch. nReq=100 sn=39
20:07:03.763 INF Handling PREPREPARE. nReq=101 senderID=0 sn=40
20:07:03.774 INF Committed entry. latency=0 nReq=101 sn=40
20:07:03.774 INF Delivered batch. nReq=101 sn=40
20:07:03.798 INF send metrics to agent. timestamp=1727438823798977424
20:07:03.803 INF receive response and modify the config timestamp=1727438823803776312
20:07:03.865 INF Handling PREPREPARE. nReq=100 senderID=0 sn=41
20:07:03.875 INF Committed entry. latency=0 nReq=100 sn=41
20:07:03.876 INF Delivered batch. nReq=100 sn=41
20:07:03.966 INF Handling PREPREPARE. nReq=102 senderID=0 sn=42
20:07:03.976 INF Committed entry. latency=0 nReq=102 sn=42
20:07:03.976 INF Delivered batch. nReq=102 sn=42
20:07:04.067 INF Handling PREPREPARE. nReq=101 senderID=0 sn=43
20:07:04.076 INF Committed entry. latency=0 nReq=101 sn=43
20:07:04.076 INF Delivered batch. nReq=101 sn=43
20:07:04.167 INF Handling PREPREPARE. nReq=100 senderID=0 sn=44
20:07:04.178 INF Committed entry. latency=0 nReq=100 sn=44
20:07:04.178 INF Delivered batch. nReq=100 sn=44
20:07:04.268 INF Handling PREPREPARE. nReq=101 senderID=0 sn=45
20:07:04.279 INF Committed entry. latency=0 nReq=101 sn=45
20:07:04.279 INF Delivered batch. nReq=101 sn=45
20:07:04.299 INF collect metrics. times=7 timestamp=1727438824299062967
20:07:04.369 INF Handling PREPREPARE. nReq=101 senderID=0 sn=46
20:07:04.379 INF Committed entry. latency=0 nReq=101 sn=46
20:07:04.379 INF Delivered batch. nReq=101 sn=46
20:07:04.471 INF Handling PREPREPARE. nReq=101 senderID=0 sn=47
20:07:04.481 INF Committed entry. latency=0 nReq=101 sn=47
20:07:04.481 INF Delivered batch. nReq=101 sn=47
20:07:04.570 INF Handling PREPREPARE. nReq=101 senderID=0 sn=48
20:07:04.581 INF Committed entry. latency=0 nReq=101 sn=48
20:07:04.581 INF Delivered batch. nReq=101 sn=48
20:07:04.672 INF Handling PREPREPARE. nReq=101 senderID=0 sn=49
20:07:04.682 INF Committed entry. latency=0 nReq=101 sn=49
20:07:04.683 INF Delivered batch. nReq=101 sn=49
20:07:04.773 INF Handling PREPREPARE. nReq=100 senderID=0 sn=50
20:07:04.782 INF Committed entry. latency=0 nReq=100 sn=50
20:07:04.783 INF Delivered batch. nReq=100 sn=50
20:07:04.798 INF send metrics to agent. timestamp=1727438824798614557
20:07:04.803 INF receive response and modify the config timestamp=1727438824803690000
20:07:04.873 INF Handling PREPREPARE. nReq=102 senderID=0 sn=51
20:07:04.884 INF Committed entry. latency=0 nReq=102 sn=51
20:07:04.884 INF Delivered batch. nReq=102 sn=51
20:07:04.974 INF Handling PREPREPARE. nReq=100 senderID=0 sn=52
20:07:04.984 INF Committed entry. latency=0 nReq=100 sn=52
20:07:04.984 INF Delivered batch. nReq=100 sn=52
20:07:05.075 INF Handling PREPREPARE. nReq=101 senderID=0 sn=53
20:07:05.084 INF Committed entry. latency=0 nReq=101 sn=53
20:07:05.085 INF Delivered batch. nReq=101 sn=53
20:07:05.176 INF Handling PREPREPARE. nReq=101 senderID=0 sn=54
20:07:05.188 INF Committed entry. latency=0 nReq=101 sn=54
20:07:05.188 INF Delivered batch. nReq=101 sn=54
20:07:05.277 INF Handling PREPREPARE. nReq=100 senderID=0 sn=55
20:07:05.286 INF Committed entry. latency=0 nReq=100 sn=55
20:07:05.287 INF Delivered batch. nReq=100 sn=55
20:07:05.299 INF collect metrics. times=8 timestamp=1727438825299297065
20:07:05.377 INF Handling PREPREPARE. nReq=101 senderID=0 sn=56
20:07:05.387 INF Committed entry. latency=0 nReq=101 sn=56
20:07:05.388 INF Delivered batch. nReq=101 sn=56
20:07:05.478 INF Handling PREPREPARE. nReq=102 senderID=0 sn=57
20:07:05.487 INF Committed entry. latency=0 nReq=102 sn=57
20:07:05.488 INF Delivered batch. nReq=102 sn=57
20:07:05.579 INF Handling PREPREPARE. nReq=99 senderID=0 sn=58
20:07:05.588 INF Committed entry. latency=0 nReq=99 sn=58
20:07:05.588 INF Delivered batch. nReq=99 sn=58
20:07:05.679 INF Handling PREPREPARE. nReq=101 senderID=0 sn=59
20:07:05.689 INF Committed entry. latency=0 nReq=101 sn=59
20:07:05.689 INF Delivered batch. nReq=101 sn=59
20:07:05.779 INF Handling PREPREPARE. nReq=100 senderID=0 sn=60
20:07:05.790 INF Committed entry. latency=0 nReq=100 sn=60
20:07:05.790 INF Delivered batch. nReq=100 sn=60
20:07:05.798 INF send metrics to agent. timestamp=1727438825798538623
20:07:05.803 INF receive response and modify the config timestamp=1727438825803578793
20:07:05.881 INF Handling PREPREPARE. nReq=101 senderID=0 sn=61
20:07:05.891 INF Committed entry. latency=0 nReq=101 sn=61
20:07:05.892 INF Delivered batch. nReq=101 sn=61
20:07:05.981 INF Handling PREPREPARE. nReq=101 senderID=0 sn=62
20:07:05.991 INF Committed entry. latency=0 nReq=101 sn=62
20:07:05.991 INF Delivered batch. nReq=101 sn=62
20:07:06.081 INF Handling PREPREPARE. nReq=102 senderID=0 sn=63
20:07:06.091 INF Committed entry. latency=0 nReq=102 sn=63
20:07:06.091 INF Delivered batch. nReq=102 sn=63
20:07:06.183 INF Handling PREPREPARE. nReq=100 senderID=0 sn=64
20:07:06.194 INF Committed entry. latency=0 nReq=100 sn=64
20:07:06.194 INF Delivered batch. nReq=100 sn=64
20:07:06.283 INF Handling PREPREPARE. nReq=100 senderID=0 sn=65
20:07:06.294 INF Committed entry. latency=0 nReq=100 sn=65
20:07:06.294 INF Delivered batch. nReq=100 sn=65
20:07:06.299 INF collect metrics. times=9 timestamp=1727438826299095030
20:07:06.384 INF Handling PREPREPARE. nReq=101 senderID=0 sn=66
20:07:06.394 INF Committed entry. latency=0 nReq=101 sn=66
20:07:06.394 INF Delivered batch. nReq=101 sn=66
20:07:06.485 INF Handling PREPREPARE. nReq=101 senderID=0 sn=67
20:07:06.495 INF Committed entry. latency=0 nReq=101 sn=67
20:07:06.495 INF Delivered batch. nReq=101 sn=67
20:07:06.585 INF Handling PREPREPARE. nReq=100 senderID=0 sn=68
20:07:06.594 INF Committed entry. latency=0 nReq=100 sn=68
20:07:06.594 INF Delivered batch. nReq=100 sn=68
20:07:06.685 INF Handling PREPREPARE. nReq=101 senderID=0 sn=69
20:07:06.696 INF Committed entry. latency=0 nReq=101 sn=69
20:07:06.696 INF Delivered batch. nReq=101 sn=69
20:07:06.786 INF Handling PREPREPARE. nReq=100 senderID=0 sn=70
20:07:06.796 INF Committed entry. latency=0 nReq=100 sn=70
20:07:06.796 INF Delivered batch. nReq=100 sn=70
20:07:06.798 INF send metrics to agent. timestamp=1727438826798345889
20:07:06.803 INF receive response and modify the config timestamp=1727438826803612043
20:07:06.888 INF Handling PREPREPARE. nReq=101 senderID=0 sn=71
20:07:06.899 INF Committed entry. latency=0 nReq=101 sn=71
20:07:06.900 INF Delivered batch. nReq=101 sn=71
20:07:06.988 INF Handling PREPREPARE. nReq=101 senderID=0 sn=72
20:07:06.997 INF Committed entry. latency=0 nReq=101 sn=72
20:07:06.998 INF Delivered batch. nReq=101 sn=72
20:07:07.089 INF Handling PREPREPARE. nReq=101 senderID=0 sn=73
20:07:07.098 INF Committed entry. latency=0 nReq=101 sn=73
20:07:07.099 INF Delivered batch. nReq=101 sn=73
20:07:07.190 INF Handling PREPREPARE. nReq=101 senderID=0 sn=74
20:07:07.199 INF Committed entry. latency=0 nReq=101 sn=74
20:07:07.200 INF Delivered batch. nReq=101 sn=74
20:07:07.290 INF Handling PREPREPARE. nReq=100 senderID=0 sn=75
20:07:07.298 INF collect metrics. times=10 timestamp=1727438827298329069
20:07:07.300 INF Committed entry. latency=0 nReq=100 sn=75
20:07:07.301 INF Delivered batch. nReq=100 sn=75
20:07:07.391 INF Handling PREPREPARE. nReq=101 senderID=0 sn=76
20:07:07.401 INF Committed entry. latency=0 nReq=101 sn=76
20:07:07.402 INF Delivered batch. nReq=101 sn=76
20:07:07.493 INF Handling PREPREPARE. nReq=101 senderID=0 sn=77
20:07:07.503 INF Committed entry. latency=0 nReq=101 sn=77
20:07:07.503 INF Delivered batch. nReq=101 sn=77
20:07:07.592 INF Handling PREPREPARE. nReq=100 senderID=0 sn=78
20:07:07.602 INF Committed entry. latency=0 nReq=100 sn=78
20:07:07.602 INF Delivered batch. nReq=100 sn=78
20:07:07.693 INF Handling PREPREPARE. nReq=102 senderID=0 sn=79
20:07:07.703 INF Committed entry. latency=0 nReq=102 sn=79
20:07:07.703 INF Delivered batch. nReq=102 sn=79
20:07:07.793 INF Handling PREPREPARE. nReq=99 senderID=0 sn=80
20:07:07.799 INF send metrics to agent. timestamp=1727438827799165992
20:07:07.804 INF Committed entry. latency=0 nReq=99 sn=80
20:07:07.804 INF receive response and modify the config timestamp=1727438827804450702
20:07:07.804 INF Delivered batch. nReq=99 sn=80
20:07:07.894 INF Handling PREPREPARE. nReq=101 senderID=0 sn=81
20:07:07.904 INF Committed entry. latency=0 nReq=101 sn=81
20:07:07.904 INF Delivered batch. nReq=101 sn=81
20:07:07.995 INF Handling PREPREPARE. nReq=101 senderID=0 sn=82
20:07:08.005 INF Committed entry. latency=0 nReq=101 sn=82
20:07:08.005 INF Delivered batch. nReq=101 sn=82
20:07:08.096 INF Handling PREPREPARE. nReq=101 senderID=0 sn=83
20:07:08.106 INF Committed entry. latency=0 nReq=101 sn=83
20:07:08.106 INF Delivered batch. nReq=101 sn=83
20:07:08.197 INF Handling PREPREPARE. nReq=101 senderID=0 sn=84
20:07:08.207 INF Committed entry. latency=0 nReq=101 sn=84
20:07:08.207 INF Delivered batch. nReq=101 sn=84
20:07:08.298 INF Handling PREPREPARE. nReq=101 senderID=0 sn=85
20:07:08.298 INF collect metrics. times=11 timestamp=1727438828298373063
20:07:08.308 INF Committed entry. latency=0 nReq=101 sn=85
20:07:08.308 INF Delivered batch. nReq=101 sn=85
20:07:08.398 INF Handling PREPREPARE. nReq=100 senderID=0 sn=86
20:07:08.408 INF Committed entry. latency=0 nReq=100 sn=86
20:07:08.408 INF Delivered batch. nReq=100 sn=86
20:07:08.500 INF Handling PREPREPARE. nReq=102 senderID=0 sn=87
20:07:08.510 INF Committed entry. latency=0 nReq=102 sn=87
20:07:08.510 INF Delivered batch. nReq=102 sn=87
20:07:08.600 INF Handling PREPREPARE. nReq=100 senderID=0 sn=88
20:07:08.611 INF Committed entry. latency=0 nReq=100 sn=88
20:07:08.611 INF Delivered batch. nReq=100 sn=88
20:07:08.701 INF Handling PREPREPARE. nReq=101 senderID=0 sn=89
20:07:08.712 INF Committed entry. latency=0 nReq=101 sn=89
20:07:08.713 INF Delivered batch. nReq=101 sn=89
20:07:08.799 INF send metrics to agent. timestamp=1727438828799103784
20:07:08.801 INF Handling PREPREPARE. nReq=101 senderID=0 sn=90
20:07:08.803 INF receive response and modify the config timestamp=1727438828803585443
20:07:08.812 INF Committed entry. latency=0 nReq=101 sn=90
20:07:08.813 INF Delivered batch. nReq=101 sn=90
20:07:08.903 INF Handling PREPREPARE. nReq=101 senderID=0 sn=91
20:07:08.913 INF Committed entry. latency=0 nReq=101 sn=91
20:07:08.913 INF Delivered batch. nReq=101 sn=91
20:07:09.004 INF Handling PREPREPARE. nReq=100 senderID=0 sn=92
20:07:09.013 INF Committed entry. latency=0 nReq=100 sn=92
20:07:09.013 INF Delivered batch. nReq=100 sn=92
20:07:09.104 INF Handling PREPREPARE. nReq=102 senderID=0 sn=93
20:07:09.113 INF Committed entry. latency=0 nReq=102 sn=93
20:07:09.114 INF Delivered batch. nReq=102 sn=93
20:07:09.204 INF Handling PREPREPARE. nReq=100 senderID=0 sn=94
20:07:09.214 INF Committed entry. latency=0 nReq=100 sn=94
20:07:09.214 INF Delivered batch. nReq=100 sn=94
20:07:09.298 INF collect metrics. times=12 timestamp=1727438829298730715
20:07:09.312 INF Handling PREPREPARE. nReq=100 senderID=0 sn=95
20:07:09.322 INF Committed entry. latency=0 nReq=100 sn=95
20:07:09.322 INF Delivered batch. nReq=100 sn=95
20:07:09.407 INF Handling PREPREPARE. nReq=102 senderID=0 sn=96
20:07:09.417 INF Committed entry. latency=0 nReq=102 sn=96
20:07:09.417 INF Delivered batch. nReq=102 sn=96
20:07:09.505 INF Stopping profiler.
20:07:09.505 INF Stopping Tracer. events=136 fileName=experiment-output/0000/slave-004/peer.trc
==================
WARNING: DATA RACE
Read at 0x00c0008294f0 by goroutine 109:
  github.com/hyperledger-labs/mirbft/tracing.(*BufferedTrace).Stop()
      /opt/gopath/src/github.com/hyperledger-labs/mirbft/tracing/bufferedtrace.go:237 +0x30e
  github.com/hyperledger-labs/mirbft/tracing.(*BufferedTrace).StopOnSignal.func1()
      /opt/gopath/src/github.com/hyperledger-labs/mirbft/tracing/bufferedtrace.go:298 +0x4e

Previous write at 0x00c0008294f0 by goroutine 108:
  github.com/hyperledger-labs/mirbft/tracing.(*BufferedTrace).Event()
      /opt/gopath/src/github.com/hyperledger-labs/mirbft/tracing/bufferedtrace.go:105 +0x2cd
  github.com/hyperledger-labs/mirbft/profiling.StartCPUTracing.func1()
      /opt/gopath/src/github.com/hyperledger-labs/mirbft/profiling/cpuusage.go:33 +0x95

Goroutine 109 (running) created at:
  github.com/hyperledger-labs/mirbft/tracing.(*BufferedTrace).StopOnSignal()
      /opt/gopath/src/github.com/hyperledger-labs/mirbft/tracing/bufferedtrace.go:292 +0x178
  main.setUpTracing()
      /opt/gopath/src/github.com/hyperledger-labs/mirbft/cmd/orderingpeer/main.go:422 +0xf5
  main.main()
      /opt/gopath/src/github.com/hyperledger-labs/mirbft/cmd/orderingpeer/main.go:114 +0x9e4
  runtime.deferreturn()
      /home/ubuntu/go/src/runtime/panic.go:476 +0x32
  main.main()
      /opt/gopath/src/github.com/hyperledger-labs/mirbft/cmd/orderingpeer/main.go:82 +0x56c

Goroutine 108 (running) created at:
  github.com/hyperledger-labs/mirbft/profiling.StartCPUTracing()
      /opt/gopath/src/github.com/hyperledger-labs/mirbft/profiling/cpuusage.go:30 +0xb9
  main.setUpTracing()
      /opt/gopath/src/github.com/hyperledger-labs/mirbft/cmd/orderingpeer/main.go:414 +0x85
  main.main()
      /opt/gopath/src/github.com/hyperledger-labs/mirbft/cmd/orderingpeer/main.go:114 +0x9e4
  runtime.deferreturn()
      /home/ubuntu/go/src/runtime/panic.go:476 +0x32
  main.main()
      /opt/gopath/src/github.com/hyperledger-labs/mirbft/cmd/orderingpeer/main.go:82 +0x56c
==================
20:07:09.508 INF Trace data written.
20:07:09.508 INF Handling PREPREPARE. nReq=100 senderID=0 sn=97
20:07:09.520 INF Committed entry. latency=0 nReq=100 sn=97
20:07:09.520 INF Delivered batch. nReq=100 sn=97
20:07:09.609 INF Handling PREPREPARE. nReq=102 senderID=0 sn=98
20:07:09.618 INF Committed entry. latency=0 nReq=102 sn=98
20:07:09.619 INF Delivered batch. nReq=102 sn=98
20:07:09.641 INF Profile data written. filename=experiment-output/0000/slave-004/prof.cpu name=cpu
20:07:09.659 INF Profile data written. filename=experiment-output/0000/slave-004/prof.block name=block
20:07:09.664 INF Profile data written. filename=experiment-output/0000/slave-004/prof.mutex name=mutex
