{"level":"debug","Logging":"info","time":"2024-09-27T20:06:55+08:00","message":"Config"}
{"level":"debug","UseTLS":false,"time":"2024-09-27T20:06:55+08:00","message":"Config"}
{"level":"debug","CACertFile":"tls-data/ca.pem","time":"2024-09-27T20:06:55+08:00","message":"Config"}
{"level":"debug","KeyFile":"tls-data/auth.key","time":"2024-09-27T20:06:55+08:00","message":"Config"}
{"level":"debug","CertFile":"tls-data/auth.pem","time":"2024-09-27T20:06:55+08:00","message":"Config"}
{"level":"debug","PriorityConnections":2,"time":"2024-09-27T20:06:55+08:00","message":"Config"}
{"level":"debug","BasicConnections":4,"time":"2024-09-27T20:06:55+08:00","message":"Config"}
{"level":"debug","TestConnections":false,"time":"2024-09-27T20:06:55+08:00","message":"Config"}
{"level":"debug","ExcessConnections":1,"time":"2024-09-27T20:06:55+08:00","message":"Config"}
{"level":"debug","ConnectionTestMsgs":4,"time":"2024-09-27T20:06:55+08:00","message":"Config"}
{"level":"debug","ConnectionTestPayload":131072,"time":"2024-09-27T20:06:55+08:00","message":"Config"}
{"level":"debug","OutMessageBufsize":1024,"time":"2024-09-27T20:06:55+08:00","message":"Config"}
{"level":"debug","OutMessageBufsize":1,"time":"2024-09-27T20:06:55+08:00","message":"Config"}
{"level":"debug","ThroughputCap":131072000,"time":"2024-09-27T20:06:55+08:00","message":"Config"}
{"level":"debug","StragglerTolerance":1000,"time":"2024-09-27T20:06:55+08:00","message":"Config"}
{"level":"debug","BatchSizeIncrement":256,"time":"2024-09-27T20:06:55+08:00","message":"Config"}
{"level":"debug","Orderer":"Pbft","time":"2024-09-27T20:06:55+08:00","message":"Config"}
{"level":"debug","Manager":"Mir","time":"2024-09-27T20:06:55+08:00","message":"Config"}
{"level":"debug","Failures":0,"time":"2024-09-27T20:06:55+08:00","message":"Config"}
{"level":"debug","CrashTiming":"EpochStart","time":"2024-09-27T20:06:55+08:00","message":"Config"}
{"level":"debug","CheckpointInterval":256,"time":"2024-09-27T20:06:55+08:00","message":"Config"}
{"level":"debug","WatermarkWindowSize":256,"time":"2024-09-27T20:06:55+08:00","message":"Config"}
{"level":"debug","EpochLength":256,"time":"2024-09-27T20:06:55+08:00","message":"Config"}
{"level":"debug","SegmentLength":256,"time":"2024-09-27T20:06:55+08:00","message":"Config"}
{"level":"debug","WaitForCheckpoints":true,"time":"2024-09-27T20:06:55+08:00","message":"Config"}
{"level":"debug","ClientWatermarkWindowSize":4194304,"time":"2024-09-27T20:06:55+08:00","message":"Config"}
{"level":"debug","ClientRequestBacklogSize":4194304,"time":"2024-09-27T20:06:55+08:00","message":"Config"}
{"level":"debug","RandomSeed":2479,"time":"2024-09-27T20:06:55+08:00","message":"Config"}
{"level":"debug","NodeToLeaderRatio":1,"time":"2024-09-27T20:06:55+08:00","message":"Config"}
{"level":"debug","LeaderPolicy":"Single","time":"2024-09-27T20:06:55+08:00","message":"Config"}
{"level":"debug","DefaultLeaderBan":2,"time":"2024-09-27T20:06:55+08:00","message":"Config"}
{"level":"debug","NumBuckets":16,"time":"2024-09-27T20:06:55+08:00","message":"Config"}
{"level":"debug","BatchSize":1000,"time":"2024-09-27T20:06:55+08:00","message":"Config"}
{"level":"debug","BatchTimeoutMs":1000,"time":"2024-09-27T20:06:55+08:00","message":"Config"}
{"level":"debug","DisabledViewChange":false,"time":"2024-09-27T20:06:55+08:00","message":"Config"}
{"level":"debug","ViewChangeTimeout":60000,"time":"2024-09-27T20:06:55+08:00","message":"Config"}
{"level":"debug","ClientTraceSampling":10,"time":"2024-09-27T20:06:55+08:00","message":"Config"}
{"level":"debug","EventBufferSize":2097152,"time":"2024-09-27T20:06:55+08:00","message":"Config"}
{"level":"debug","TraceSampling":1,"time":"2024-09-27T20:06:55+08:00","message":"Config"}
{"level":"debug","ClientsPerProcess":1,"time":"2024-09-27T20:06:55+08:00","message":"Config"}
{"level":"debug","RequestsPerClient":2400000,"time":"2024-09-27T20:06:55+08:00","message":"Config"}
{"level":"debug","ClientRunTime":1200000,"time":"2024-09-27T20:06:55+08:00","message":"Config"}
{"level":"debug","RequestRate":1000,"time":"2024-09-27T20:06:55+08:00","message":"Config"}
{"level":"debug","HardRequestRateLimit":false,"time":"2024-09-27T20:06:55+08:00","message":"Config"}
{"level":"debug","RequestPayloadSize":200,"time":"2024-09-27T20:06:55+08:00","message":"Config"}
{"level":"debug","SignRequests":true,"time":"2024-09-27T20:06:55+08:00","message":"Config"}
{"level":"debug","ClientPrivKeyFile":"tls-data/client-ecdsa-256.key","time":"2024-09-27T20:06:55+08:00","message":"Config"}
{"level":"debug","ClientPubKeyFile":"tls-data/client-ecdsa-256.pem","time":"2024-09-27T20:06:55+08:00","message":"Config"}
{"level":"debug","PrecomputeRequests":false,"time":"2024-09-27T20:06:55+08:00","message":"Config"}
{"level":"debug","RequestHandlerThreads":32,"time":"2024-09-27T20:06:55+08:00","message":"Config"}
{"level":"debug","RequestInputChannelBuffer":8192,"time":"2024-09-27T20:06:55+08:00","message":"Config"}
{"level":"debug","BatchVerifier":"external","time":"2024-09-27T20:06:55+08:00","message":"Config"}
20:06:55.312 INF Started Profiler: CPU
20:06:55.312 INF Started Profiler: BLOCK
20:06:55.312 INF Started Profiler: MUTEX
20:06:55.312 INF Starting clients. numClients=1 numRequests=2400000
20:06:55.312 INF Initilizing clients.
20:06:55.338 INF Registared with discovery server. numOrderers=4 ownClientId=0
20:06:55.338 INF Clients initialized.
20:06:55.338 INF Launching clients.
20:06:55.338 INF Waiting for clients.
