{"level":"debug","Logging":"info","time":"2024-09-27T20:06:53+08:00","message":"Config"}
{"level":"debug","UseTLS":false,"time":"2024-09-27T20:06:53+08:00","message":"Config"}
{"level":"debug","CACertFile":"tls-data/ca.pem","time":"2024-09-27T20:06:53+08:00","message":"Config"}
{"level":"debug","KeyFile":"tls-data/auth.key","time":"2024-09-27T20:06:53+08:00","message":"Config"}
{"level":"debug","CertFile":"tls-data/auth.pem","time":"2024-09-27T20:06:53+08:00","message":"Config"}
{"level":"debug","PriorityConnections":2,"time":"2024-09-27T20:06:53+08:00","message":"Config"}
{"level":"debug","BasicConnections":4,"time":"2024-09-27T20:06:53+08:00","message":"Config"}
{"level":"debug","TestConnections":false,"time":"2024-09-27T20:06:53+08:00","message":"Config"}
{"level":"debug","ExcessConnections":1,"time":"2024-09-27T20:06:53+08:00","message":"Config"}
{"level":"debug","ConnectionTestMsgs":4,"time":"2024-09-27T20:06:53+08:00","message":"Config"}
{"level":"debug","ConnectionTestPayload":131072,"time":"2024-09-27T20:06:53+08:00","message":"Config"}
{"level":"debug","OutMessageBufsize":1024,"time":"2024-09-27T20:06:53+08:00","message":"Config"}
{"level":"debug","OutMessageBufsize":1,"time":"2024-09-27T20:06:53+08:00","message":"Config"}
{"level":"debug","ThroughputCap":131072000,"time":"2024-09-27T20:06:53+08:00","message":"Config"}
{"level":"debug","StragglerTolerance":1000,"time":"2024-09-27T20:06:53+08:00","message":"Config"}
{"level":"debug","BatchSizeIncrement":256,"time":"2024-09-27T20:06:53+08:00","message":"Config"}
{"level":"debug","Orderer":"Pbft","time":"2024-09-27T20:06:53+08:00","message":"Config"}
{"level":"debug","Manager":"Mir","time":"2024-09-27T20:06:53+08:00","message":"Config"}
{"level":"debug","Failures":0,"time":"2024-09-27T20:06:53+08:00","message":"Config"}
{"level":"debug","CrashTiming":"EpochStart","time":"2024-09-27T20:06:53+08:00","message":"Config"}
{"level":"debug","CheckpointInterval":256,"time":"2024-09-27T20:06:53+08:00","message":"Config"}
{"level":"debug","WatermarkWindowSize":256,"time":"2024-09-27T20:06:53+08:00","message":"Config"}
{"level":"debug","EpochLength":256,"time":"2024-09-27T20:06:53+08:00","message":"Config"}
{"level":"debug","SegmentLength":256,"time":"2024-09-27T20:06:53+08:00","message":"Config"}
{"level":"debug","WaitForCheckpoints":true,"time":"2024-09-27T20:06:53+08:00","message":"Config"}
{"level":"debug","ClientWatermarkWindowSize":4194304,"time":"2024-09-27T20:06:53+08:00","message":"Config"}
{"level":"debug","ClientRequestBacklogSize":4194304,"time":"2024-09-27T20:06:53+08:00","message":"Config"}
{"level":"debug","RandomSeed":2479,"time":"2024-09-27T20:06:53+08:00","message":"Config"}
{"level":"debug","NodeToLeaderRatio":1,"time":"2024-09-27T20:06:53+08:00","message":"Config"}
{"level":"debug","LeaderPolicy":"Single","time":"2024-09-27T20:06:53+08:00","message":"Config"}
{"level":"debug","DefaultLeaderBan":2,"time":"2024-09-27T20:06:53+08:00","message":"Config"}
{"level":"debug","NumBuckets":16,"time":"2024-09-27T20:06:53+08:00","message":"Config"}
{"level":"debug","BatchSize":1000,"time":"2024-09-27T20:06:53+08:00","message":"Config"}
{"level":"debug","BatchTimeoutMs":1000,"time":"2024-09-27T20:06:53+08:00","message":"Config"}
{"level":"debug","DisabledViewChange":false,"time":"2024-09-27T20:06:53+08:00","message":"Config"}
{"level":"debug","ViewChangeTimeout":60000,"time":"2024-09-27T20:06:53+08:00","message":"Config"}
{"level":"debug","ClientTraceSampling":10,"time":"2024-09-27T20:06:53+08:00","message":"Config"}
{"level":"debug","EventBufferSize":2097152,"time":"2024-09-27T20:06:53+08:00","message":"Config"}
{"level":"debug","TraceSampling":1,"time":"2024-09-27T20:06:53+08:00","message":"Config"}
{"level":"debug","ClientsPerProcess":1,"time":"2024-09-27T20:06:53+08:00","message":"Config"}
{"level":"debug","RequestsPerClient":2400000,"time":"2024-09-27T20:06:53+08:00","message":"Config"}
{"level":"debug","ClientRunTime":1200000,"time":"2024-09-27T20:06:53+08:00","message":"Config"}
{"level":"debug","RequestRate":1000,"time":"2024-09-27T20:06:53+08:00","message":"Config"}
{"level":"debug","HardRequestRateLimit":false,"time":"2024-09-27T20:06:53+08:00","message":"Config"}
{"level":"debug","RequestPayloadSize":200,"time":"2024-09-27T20:06:53+08:00","message":"Config"}
{"level":"debug","SignRequests":true,"time":"2024-09-27T20:06:53+08:00","message":"Config"}
{"level":"debug","ClientPrivKeyFile":"tls-data/client-ecdsa-256.key","time":"2024-09-27T20:06:53+08:00","message":"Config"}
{"level":"debug","ClientPubKeyFile":"tls-data/client-ecdsa-256.pem","time":"2024-09-27T20:06:53+08:00","message":"Config"}
{"level":"debug","PrecomputeRequests":false,"time":"2024-09-27T20:06:53+08:00","message":"Config"}
{"level":"debug","RequestHandlerThreads":32,"time":"2024-09-27T20:06:53+08:00","message":"Config"}
{"level":"debug","RequestInputChannelBuffer":8192,"time":"2024-09-27T20:06:53+08:00","message":"Config"}
{"level":"debug","BatchVerifier":"external","time":"2024-09-27T20:06:53+08:00","message":"Config"}
20:06:53.263 INF Registered with discovery server. numPeers=4 ownID=0
20:06:53.263 INF Profiling enabled.
20:06:53.263 INF Setting up profiling.
20:06:53.263 INF Started Profiler: CPU
20:06:53.264 INF Started Profiler: BLOCK
20:06:53.264 INF Started Profiler: MUTEX
20:06:53.264 INF Profiler will stop on signal. exit=true
20:06:53.265 INF Tracing will stop on signal. exit=false
20:06:53.265 INF Started tracing. traceFile=experiment-output/0000/slave-002/peer.trc
20:06:53.265 INF Listening for connections. port=10000 useTLS=false
20:06:53.265 INF Connecting to peer. addr=127.0.0.1:10000 basicConns=4 priorityConns=2
20:06:53.265 INF Connecting to peer. addr=127.0.0.1:10011 basicConns=4 priorityConns=2
20:06:53.266 INF Connecting to peer. addr=127.0.0.1:10022 basicConns=4 priorityConns=2
20:06:53.265 INF Connecting to peer. addr=127.0.0.1:10033 basicConns=4 priorityConns=2
20:06:53.271 INF Incoming connection for protocol messages. addr=127.0.0.1:39686
20:06:53.274 INF Incoming connection for protocol messages. addr=127.0.0.1:39704
20:06:53.275 INF Incoming connection for protocol messages. addr=127.0.0.1:39700
20:06:53.274 INF Incoming connection for protocol messages. addr=127.0.0.1:39728
20:06:53.277 INF Incoming connection for protocol messages. addr=127.0.0.1:39726
20:06:53.278 INF Incoming connection for protocol messages. addr=127.0.0.1:39770
20:06:53.279 INF Incoming connection for protocol messages. addr=127.0.0.1:39740
20:06:53.279 INF Incoming connection for protocol messages. addr=127.0.0.1:39774
20:06:53.282 INF Incoming connection for protocol messages. addr=127.0.0.1:39760
20:06:53.282 INF Incoming connection for protocol messages. addr=127.0.0.1:39782
20:06:53.285 INF Incoming connection for protocol messages. addr=127.0.0.1:39746
20:06:53.285 INF Incoming connection for protocol messages. addr=127.0.0.1:39798
20:06:53.285 INF Incoming connection for protocol messages. addr=127.0.0.1:39812
20:06:53.285 INF Incoming connection for protocol messages. addr=127.0.0.1:39738
20:06:53.287 INF Incoming connection for protocol messages. addr=127.0.0.1:39816
20:06:53.287 INF Incoming connection for protocol messages. addr=127.0.0.1:39828
20:06:53.288 INF Incoming connection for protocol messages. addr=127.0.0.1:39718
20:06:53.288 INF Incoming connection for protocol messages. addr=127.0.0.1:39838
20:06:53.290 INF Incoming connection for protocol messages. addr=127.0.0.1:39852
20:06:53.290 INF Incoming connection for protocol messages. addr=127.0.0.1:39868
20:06:53.290 INF Incoming connection for protocol messages. addr=127.0.0.1:39894
20:06:53.290 INF Incoming connection for protocol messages. addr=127.0.0.1:39880
20:06:53.290 INF Incoming connection for protocol messages. addr=127.0.0.1:39822
20:06:53.290 INF Incoming connection for protocol messages. addr=127.0.0.1:39904
20:06:53.291 INF Connected to all peers.
20:06:53.295 INF All peers finished connecting. Starting ISS.
20:06:53.295 INF PbftOrderer received a new segment: [0 1 2 3 4 5 6 7 8 9 10 11 12 13 14 15 16 17 18 19 20 21 22 23 24 25 26 27 28 29 30 31 32 33 34 35 36 37 38 39 40 41 42 43 44 45 46 47 48 49 50 51 52 53 54 55 56 57 58 59 60 61 62 63 64 65 66 67 68 69 70 71 72 73 74 75 76 77 78 79 80 81 82 83 84 85 86 87 88 89 90 91 92 93 94 95 96 97 98 99 100 101 102 103 104 105 106 107 108 109 110 111 112 113 114 115 116 117 118 119 120 121 122 123 124 125 126 127 128 129 130 131 132 133 134 135 136 137 138 139 140 141 142 143 144 145 146 147 148 149 150 151 152 153 154 155 156 157 158 159 160 161 162 163 164 165 166 167 168 169 170 171 172 173 174 175 176 177 178 179 180 181 182 183 184 185 186 187 188 189 190 191 192 193 194 195 196 197 198 199 200 201 202 203 204 205 206 207 208 209 210 211 212 213 214 215 216 217 218 219 220 221 222 223 224 225 226 227 228 229 230 231 232 233 234 235 236 237 238 239 240 241 242 243 244 245 246 247 248 249 250 251 252 253 254 255] first leader=0 firstSN=0 lastSN=255 len=256 length=256 segId=0
20:06:53.316 INF Starting new view. segID=0 timeout=60000 view=0
20:06:53.317 INF Starting PBFT instance. first=0 last=255 segID=0
20:06:53.317 INF Starting serialized message processing. segID=0
20:06:54.318 INF Sending PREPREPARE. nReq=0 senderID=0 sn=0 view=0
20:06:54.328 INF Committed entry. latency=0 nReq=0 sn=0
20:06:54.328 INF Delivered batch. nReq=0 sn=0
20:06:55.319 INF Sending PREPREPARE. nReq=0 senderID=0 sn=1 view=0
20:06:55.322 INF Committed entry. latency=0 nReq=0 sn=1
20:06:55.322 INF Delivered batch. nReq=0 sn=1
20:06:55.340 INF Incoming connection for requests. addr=127.0.0.1:43314
20:06:56.339 INF Sending PREPREPARE. nReq=969 senderID=0 sn=2 view=0
20:06:56.414 INF Committed entry. latency=0 nReq=969 sn=2
20:06:56.414 INF Delivered batch. nReq=969 sn=2
20:06:57.330 INF Sending PREPREPARE. nReq=1000 senderID=0 sn=3 view=0
20:06:57.381 INF Committed entry. latency=0 nReq=1000 sn=3
20:06:57.381 INF Delivered batch. nReq=1000 sn=3
==================
WARNING: DATA RACE
Write at 0x000001308480 by goroutine 546:
  main.main.func1()
      /opt/gopath/src/github.com/hyperledger-labs/mirbft/cmd/orderingpeer/main.go:290 +0x7e4

Previous write at 0x000001308480 by goroutine 567:
  github.com/hyperledger-labs/mirbft/request.HandleRequest()
      /opt/gopath/src/github.com/hyperledger-labs/mirbft/request/requesthandler.go:49 +0x184
  github.com/hyperledger-labs/mirbft/messenger.(*messengerServer).Request()
      /opt/gopath/src/github.com/hyperledger-labs/mirbft/messenger/clients.go:77 +0x19d
  github.com/hyperledger-labs/mirbft/protobufs._Messenger_Request_Handler()
      /opt/gopath/src/github.com/hyperledger-labs/mirbft/protobufs/messenger.pb.go:1158 +0xc2
  google.golang.org/grpc.(*Server).processStreamingRPC()
      /opt/gopath/src/google.golang.org/grpc/server.go:1673 +0x1e87
  google.golang.org/grpc.(*Server).handleStream()
      /opt/gopath/src/google.golang.org/grpc/server.go:1794 +0x19c6
  google.golang.org/grpc.(*Server).serveStreams.func2.1()
      /opt/gopath/src/google.golang.org/grpc/server.go:1029 +0x125

Goroutine 546 (running) created at:
  main.main()
      /opt/gopath/src/github.com/hyperledger-labs/mirbft/cmd/orderingpeer/main.go:214 +0x17dd
  runtime.deferreturn()
      /home/ubuntu/go/src/runtime/panic.go:476 +0x32
  main.main()
      /opt/gopath/src/github.com/hyperledger-labs/mirbft/cmd/orderingpeer/main.go:166 +0xed8
  runtime.deferreturn()
      /home/ubuntu/go/src/runtime/panic.go:476 +0x32
  main.main()
      /opt/gopath/src/github.com/hyperledger-labs/mirbft/cmd/orderingpeer/main.go:82 +0x56c

Goroutine 567 (running) created at:
  google.golang.org/grpc.(*Server).serveStreams.func2()
      /opt/gopath/src/google.golang.org/grpc/server.go:1040 +0x224
  google.golang.org/grpc/internal/transport.(*http2Server).operateHeaders()
      /opt/gopath/src/google.golang.org/grpc/internal/transport/http2_server.go:631 +0x389e
  google.golang.org/grpc/internal/transport.(*http2Server).HandleStreams()
      /opt/gopath/src/google.golang.org/grpc/internal/transport/http2_server.go:672 +0x258
  google.golang.org/grpc.(*Server).serveStreams()
      /opt/gopath/src/google.golang.org/grpc/server.go:1023 +0x68b
  google.golang.org/grpc.(*Server).handleRawConn.func1()
      /opt/gopath/src/google.golang.org/grpc/server.go:959 +0x9c
==================
==================
WARNING: DATA RACE
Write at 0x000001308478 by goroutine 546:
  main.main.func1()
      /opt/gopath/src/github.com/hyperledger-labs/mirbft/cmd/orderingpeer/main.go:290 +0x7fb

Previous write at 0x000001308478 by goroutine 567:
  github.com/hyperledger-labs/mirbft/request.HandleRequest()
      /opt/gopath/src/github.com/hyperledger-labs/mirbft/request/requesthandler.go:50 +0x1e4
  github.com/hyperledger-labs/mirbft/messenger.(*messengerServer).Request()
      /opt/gopath/src/github.com/hyperledger-labs/mirbft/messenger/clients.go:77 +0x19d
  github.com/hyperledger-labs/mirbft/protobufs._Messenger_Request_Handler()
      /opt/gopath/src/github.com/hyperledger-labs/mirbft/protobufs/messenger.pb.go:1158 +0xc2
  google.golang.org/grpc.(*Server).processStreamingRPC()
      /opt/gopath/src/google.golang.org/grpc/server.go:1673 +0x1e87
  google.golang.org/grpc.(*Server).handleStream()
      /opt/gopath/src/google.golang.org/grpc/server.go:1794 +0x19c6
  google.golang.org/grpc.(*Server).serveStreams.func2.1()
      /opt/gopath/src/google.golang.org/grpc/server.go:1029 +0x125

Goroutine 546 (running) created at:
  main.main()
      /opt/gopath/src/github.com/hyperledger-labs/mirbft/cmd/orderingpeer/main.go:214 +0x17dd
  runtime.deferreturn()
      /home/ubuntu/go/src/runtime/panic.go:476 +0x32
  main.main()
      /opt/gopath/src/github.com/hyperledger-labs/mirbft/cmd/orderingpeer/main.go:166 +0xed8
  runtime.deferreturn()
      /home/ubuntu/go/src/runtime/panic.go:476 +0x32
  main.main()
      /opt/gopath/src/github.com/hyperledger-labs/mirbft/cmd/orderingpeer/main.go:82 +0x56c

Goroutine 567 (running) created at:
  google.golang.org/grpc.(*Server).serveStreams.func2()
      /opt/gopath/src/google.golang.org/grpc/server.go:1040 +0x224
  google.golang.org/grpc/internal/transport.(*http2Server).operateHeaders()
      /opt/gopath/src/google.golang.org/grpc/internal/transport/http2_server.go:631 +0x389e
  google.golang.org/grpc/internal/transport.(*http2Server).HandleStreams()
      /opt/gopath/src/google.golang.org/grpc/internal/transport/http2_server.go:672 +0x258
  google.golang.org/grpc.(*Server).serveStreams()
      /opt/gopath/src/google.golang.org/grpc/server.go:1023 +0x68b
  google.golang.org/grpc.(*Server).handleRawConn.func1()
      /opt/gopath/src/google.golang.org/grpc/server.go:959 +0x9c
==================
20:06:58.337 INF Sending PREPREPARE. nReq=1000 senderID=0 sn=4 view=0
20:06:58.413 INF Committed entry. latency=0 nReq=1000 sn=4
20:06:58.413 INF Delivered batch. nReq=1000 sn=4
==================
WARNING: DATA RACE
Read at 0x000001308480 by goroutine 546:
  main.main.func1()
      /opt/gopath/src/github.com/hyperledger-labs/mirbft/cmd/orderingpeer/main.go:294 +0x897

Previous write at 0x000001308480 by goroutine 567:
  github.com/hyperledger-labs/mirbft/request.HandleRequest()
      /opt/gopath/src/github.com/hyperledger-labs/mirbft/request/requesthandler.go:49 +0x184
  github.com/hyperledger-labs/mirbft/messenger.(*messengerServer).Request()
      /opt/gopath/src/github.com/hyperledger-labs/mirbft/messenger/clients.go:77 +0x19d
  github.com/hyperledger-labs/mirbft/protobufs._Messenger_Request_Handler()
      /opt/gopath/src/github.com/hyperledger-labs/mirbft/protobufs/messenger.pb.go:1158 +0xc2
  google.golang.org/grpc.(*Server).processStreamingRPC()
      /opt/gopath/src/google.golang.org/grpc/server.go:1673 +0x1e87
  google.golang.org/grpc.(*Server).handleStream()
      /opt/gopath/src/google.golang.org/grpc/server.go:1794 +0x19c6
  google.golang.org/grpc.(*Server).serveStreams.func2.1()
      /opt/gopath/src/google.golang.org/grpc/server.go:1029 +0x125

Goroutine 546 (running) created at:
  main.main()
      /opt/gopath/src/github.com/hyperledger-labs/mirbft/cmd/orderingpeer/main.go:214 +0x17dd
  runtime.deferreturn()
      /home/ubuntu/go/src/runtime/panic.go:476 +0x32
  main.main()
      /opt/gopath/src/github.com/hyperledger-labs/mirbft/cmd/orderingpeer/main.go:166 +0xed8
  runtime.deferreturn()
      /home/ubuntu/go/src/runtime/panic.go:476 +0x32
  main.main()
      /opt/gopath/src/github.com/hyperledger-labs/mirbft/cmd/orderingpeer/main.go:82 +0x56c

Goroutine 567 (running) created at:
  google.golang.org/grpc.(*Server).serveStreams.func2()
      /opt/gopath/src/google.golang.org/grpc/server.go:1040 +0x224
  google.golang.org/grpc/internal/transport.(*http2Server).operateHeaders()
      /opt/gopath/src/google.golang.org/grpc/internal/transport/http2_server.go:631 +0x389e
  google.golang.org/grpc/internal/transport.(*http2Server).HandleStreams()
      /opt/gopath/src/google.golang.org/grpc/internal/transport/http2_server.go:672 +0x258
  google.golang.org/grpc.(*Server).serveStreams()
      /opt/gopath/src/google.golang.org/grpc/server.go:1023 +0x68b
  google.golang.org/grpc.(*Server).handleRawConn.func1()
      /opt/gopath/src/google.golang.org/grpc/server.go:959 +0x9c
==================
==================
WARNING: DATA RACE
Read at 0x000001308478 by goroutine 546:
  main.main.func1()
      /opt/gopath/src/github.com/hyperledger-labs/mirbft/cmd/orderingpeer/main.go:294 +0x8b2

Previous write at 0x000001308478 by goroutine 567:
  github.com/hyperledger-labs/mirbft/request.HandleRequest()
      /opt/gopath/src/github.com/hyperledger-labs/mirbft/request/requesthandler.go:50 +0x1e4
  github.com/hyperledger-labs/mirbft/messenger.(*messengerServer).Request()
      /opt/gopath/src/github.com/hyperledger-labs/mirbft/messenger/clients.go:77 +0x19d
  github.com/hyperledger-labs/mirbft/protobufs._Messenger_Request_Handler()
      /opt/gopath/src/github.com/hyperledger-labs/mirbft/protobufs/messenger.pb.go:1158 +0xc2
  google.golang.org/grpc.(*Server).processStreamingRPC()
      /opt/gopath/src/google.golang.org/grpc/server.go:1673 +0x1e87
  google.golang.org/grpc.(*Server).handleStream()
      /opt/gopath/src/google.golang.org/grpc/server.go:1794 +0x19c6
  google.golang.org/grpc.(*Server).serveStreams.func2.1()
      /opt/gopath/src/google.golang.org/grpc/server.go:1029 +0x125

Goroutine 546 (running) created at:
  main.main()
      /opt/gopath/src/github.com/hyperledger-labs/mirbft/cmd/orderingpeer/main.go:214 +0x17dd
  runtime.deferreturn()
      /home/ubuntu/go/src/runtime/panic.go:476 +0x32
  main.main()
      /opt/gopath/src/github.com/hyperledger-labs/mirbft/cmd/orderingpeer/main.go:166 +0xed8
  runtime.deferreturn()
      /home/ubuntu/go/src/runtime/panic.go:476 +0x32
  main.main()
      /opt/gopath/src/github.com/hyperledger-labs/mirbft/cmd/orderingpeer/main.go:82 +0x56c

Goroutine 567 (running) created at:
  google.golang.org/grpc.(*Server).serveStreams.func2()
      /opt/gopath/src/google.golang.org/grpc/server.go:1040 +0x224
  google.golang.org/grpc/internal/transport.(*http2Server).operateHeaders()
      /opt/gopath/src/google.golang.org/grpc/internal/transport/http2_server.go:631 +0x389e
  google.golang.org/grpc/internal/transport.(*http2Server).HandleStreams()
      /opt/gopath/src/google.golang.org/grpc/internal/transport/http2_server.go:672 +0x258
  google.golang.org/grpc.(*Server).serveStreams()
      /opt/gopath/src/google.golang.org/grpc/server.go:1023 +0x68b
  google.golang.org/grpc.(*Server).handleRawConn.func1()
      /opt/gopath/src/google.golang.org/grpc/server.go:959 +0x9c
==================
20:06:59.316 INF collect metrics. times=2 timestamp=1727438819316730704
20:06:59.331 INF Sending PREPREPARE. nReq=1000 senderID=0 sn=5 view=0
20:06:59.388 INF Committed entry. latency=0 nReq=1000 sn=5
20:06:59.388 INF Delivered batch. nReq=1000 sn=5
20:06:59.799 INF send metrics to agent. timestamp=1727438819799048186
20:06:59.805 INF receive response and modify the config timestamp=1727438819805229323
==================
WARNING: DATA RACE
Read at 0x00000130a4c0 by goroutine 546:
  main.main.func1()
      /opt/gopath/src/github.com/hyperledger-labs/mirbft/cmd/orderingpeer/main.go:284 +0x67b

Previous write at 0x00000130a4c0 by goroutine 552:
  github.com/hyperledger-labs/mirbft/log.publishEntries()
      /opt/gopath/src/github.com/hyperledger-labs/mirbft/log/log.go:287 +0x3bc
  github.com/hyperledger-labs/mirbft/log.CommitEntry()
      /opt/gopath/src/github.com/hyperledger-labs/mirbft/log/log.go:110 +0x284
  github.com/hyperledger-labs/mirbft/announcer.Announce()
      /opt/gopath/src/github.com/hyperledger-labs/mirbft/announcer/announcer.go:26 +0x370
  github.com/hyperledger-labs/mirbft/orderer.(*pbftInstance).announce()
      /opt/gopath/src/github.com/hyperledger-labs/mirbft/orderer/pbftinstance.go:722 +0x36b
  github.com/hyperledger-labs/mirbft/orderer.(*pbftInstance).handleCommit()
      /opt/gopath/src/github.com/hyperledger-labs/mirbft/orderer/pbftinstance.go:660 +0x7bd
  github.com/hyperledger-labs/mirbft/orderer.(*pbftInstance).handleMessage()
      /opt/gopath/src/github.com/hyperledger-labs/mirbft/orderer/pbftinstance.go:1806 +0x2e5
  github.com/hyperledger-labs/mirbft/orderer.(*pbftInstance).processSerializedMessages()
      /opt/gopath/src/github.com/hyperledger-labs/mirbft/orderer/pbftinstance.go:1760 +0xdd
  github.com/hyperledger-labs/mirbft/orderer.(*PbftOrderer).runSegment.func2()
      /opt/gopath/src/github.com/hyperledger-labs/mirbft/orderer/pbftorderer.go:199 +0x39

Goroutine 546 (running) created at:
  main.main()
      /opt/gopath/src/github.com/hyperledger-labs/mirbft/cmd/orderingpeer/main.go:214 +0x17dd
  runtime.deferreturn()
      /home/ubuntu/go/src/runtime/panic.go:476 +0x32
  main.main()
      /opt/gopath/src/github.com/hyperledger-labs/mirbft/cmd/orderingpeer/main.go:166 +0xed8
  runtime.deferreturn()
      /home/ubuntu/go/src/runtime/panic.go:476 +0x32
  main.main()
      /opt/gopath/src/github.com/hyperledger-labs/mirbft/cmd/orderingpeer/main.go:82 +0x56c

Goroutine 552 (running) created at:
  github.com/hyperledger-labs/mirbft/orderer.(*PbftOrderer).runSegment()
      /opt/gopath/src/github.com/hyperledger-labs/mirbft/orderer/pbftorderer.go:199 +0x3f6
  github.com/hyperledger-labs/mirbft/orderer.(*PbftOrderer).Start()
      /opt/gopath/src/github.com/hyperledger-labs/mirbft/orderer/pbftorderer.go:176 +0x344
  main.main.func8()
      /opt/gopath/src/github.com/hyperledger-labs/mirbft/cmd/orderingpeer/main.go:190 +0x59
==================
20:07:00.321 INF collect metrics. times=3 timestamp=1727438820321252564
==================
WARNING: DATA RACE
Read at 0x0000012d99f0 by goroutine 546:
  main.main.func1()
      /opt/gopath/src/github.com/hyperledger-labs/mirbft/cmd/orderingpeer/main.go:298 +0xacb

Previous write at 0x0000012d99f0 by goroutine 547:
  main.main.func1.1()
      /opt/gopath/src/github.com/hyperledger-labs/mirbft/cmd/orderingpeer/main.go:272 +0x5e4

Goroutine 546 (running) created at:
  main.main()
      /opt/gopath/src/github.com/hyperledger-labs/mirbft/cmd/orderingpeer/main.go:214 +0x17dd
  runtime.deferreturn()
      /home/ubuntu/go/src/runtime/panic.go:476 +0x32
  main.main()
      /opt/gopath/src/github.com/hyperledger-labs/mirbft/cmd/orderingpeer/main.go:166 +0xed8
  runtime.deferreturn()
      /home/ubuntu/go/src/runtime/panic.go:476 +0x32
  main.main()
      /opt/gopath/src/github.com/hyperledger-labs/mirbft/cmd/orderingpeer/main.go:82 +0x56c

Goroutine 547 (running) created at:
  main.main.func1()
      /opt/gopath/src/github.com/hyperledger-labs/mirbft/cmd/orderingpeer/main.go:256 +0x4ee
==================
==================
WARNING: DATA RACE
Read at 0x0000012d99f8 by goroutine 546:
  main.main.func1()
      /opt/gopath/src/github.com/hyperledger-labs/mirbft/cmd/orderingpeer/main.go:298 +0xafa

Previous write at 0x0000012d99f8 by goroutine 547:
  main.main.func1.1()
      /opt/gopath/src/github.com/hyperledger-labs/mirbft/cmd/orderingpeer/main.go:273 +0x89

Goroutine 546 (running) created at:
  main.main()
      /opt/gopath/src/github.com/hyperledger-labs/mirbft/cmd/orderingpeer/main.go:214 +0x17dd
  runtime.deferreturn()
      /home/ubuntu/go/src/runtime/panic.go:476 +0x32
  main.main()
      /opt/gopath/src/github.com/hyperledger-labs/mirbft/cmd/orderingpeer/main.go:166 +0xed8
  runtime.deferreturn()
      /home/ubuntu/go/src/runtime/panic.go:476 +0x32
  main.main()
      /opt/gopath/src/github.com/hyperledger-labs/mirbft/cmd/orderingpeer/main.go:82 +0x56c

Goroutine 547 (running) created at:
  main.main.func1()
      /opt/gopath/src/github.com/hyperledger-labs/mirbft/cmd/orderingpeer/main.go:256 +0x4ee
==================
==================
WARNING: DATA RACE
Read at 0x0000012d9a00 by goroutine 551:
  github.com/hyperledger-labs/mirbft/orderer.(*pbftInstance).lead()
      /opt/gopath/src/github.com/hyperledger-labs/mirbft/orderer/pbftinstance.go:264 +0x5fb
  github.com/hyperledger-labs/mirbft/orderer.(*PbftOrderer).runSegment.func1()
      /opt/gopath/src/github.com/hyperledger-labs/mirbft/orderer/pbftorderer.go:197 +0x39

Previous write at 0x0000012d9a00 by goroutine 547:
  main.main.func1.1()
      /opt/gopath/src/github.com/hyperledger-labs/mirbft/cmd/orderingpeer/main.go:274 +0xbc

Goroutine 551 (running) created at:
  github.com/hyperledger-labs/mirbft/orderer.(*PbftOrderer).runSegment()
      /opt/gopath/src/github.com/hyperledger-labs/mirbft/orderer/pbftorderer.go:197 +0x38e
  github.com/hyperledger-labs/mirbft/orderer.(*PbftOrderer).Start()
      /opt/gopath/src/github.com/hyperledger-labs/mirbft/orderer/pbftorderer.go:176 +0x344
  main.main.func8()
      /opt/gopath/src/github.com/hyperledger-labs/mirbft/cmd/orderingpeer/main.go:190 +0x59

Goroutine 547 (running) created at:
  main.main.func1()
      /opt/gopath/src/github.com/hyperledger-labs/mirbft/cmd/orderingpeer/main.go:256 +0x4ee
==================
20:07:00.331 INF Sending PREPREPARE. nReq=980 senderID=0 sn=6 view=0
20:07:00.365 INF Committed entry. latency=0 nReq=980 sn=6
20:07:00.365 INF Delivered batch. nReq=980 sn=6
20:07:00.434 INF Sending PREPREPARE. nReq=128 senderID=0 sn=7 view=0
20:07:00.452 INF Committed entry. latency=0 nReq=128 sn=7
20:07:00.452 INF Delivered batch. nReq=128 sn=7
20:07:00.533 INF Sending PREPREPARE. nReq=50 senderID=0 sn=8 view=0
20:07:00.542 INF Committed entry. latency=0 nReq=50 sn=8
20:07:00.542 INF Delivered batch. nReq=50 sn=8
20:07:00.633 INF Sending PREPREPARE. nReq=38 senderID=0 sn=9 view=0
20:07:00.642 INF Committed entry. latency=0 nReq=38 sn=9
20:07:00.642 INF Delivered batch. nReq=38 sn=9
20:07:00.736 INF Sending PREPREPARE. nReq=217 senderID=0 sn=10 view=0
20:07:00.762 INF Committed entry. latency=0 nReq=217 sn=10
20:07:00.763 INF Delivered batch. nReq=217 sn=10
20:07:00.798 INF send metrics to agent. timestamp=1727438820798735217
20:07:00.805 INF receive response and modify the config timestamp=1727438820805041500
20:07:00.834 INF Sending PREPREPARE. nReq=98 senderID=0 sn=11 view=0
20:07:00.847 INF Committed entry. latency=0 nReq=98 sn=11
20:07:00.847 INF Delivered batch. nReq=98 sn=11
20:07:00.936 INF Sending PREPREPARE. nReq=102 senderID=0 sn=12 view=0
20:07:00.952 INF Committed entry. latency=0 nReq=102 sn=12
20:07:00.953 INF Delivered batch. nReq=102 sn=12
20:07:01.036 INF Sending PREPREPARE. nReq=101 senderID=0 sn=13 view=0
20:07:01.051 INF Committed entry. latency=0 nReq=101 sn=13
20:07:01.051 INF Delivered batch. nReq=101 sn=13
20:07:01.136 INF Sending PREPREPARE. nReq=100 senderID=0 sn=14 view=0
20:07:01.151 INF Committed entry. latency=0 nReq=100 sn=14
20:07:01.151 INF Delivered batch. nReq=100 sn=14
20:07:01.237 INF Sending PREPREPARE. nReq=102 senderID=0 sn=15 view=0
20:07:01.253 INF Committed entry. latency=0 nReq=102 sn=15
20:07:01.253 INF Delivered batch. nReq=102 sn=15
==================
WARNING: DATA RACE
Read at 0x00000130ab00 by goroutine 546:
  main.main.func1()
      /opt/gopath/src/github.com/hyperledger-labs/mirbft/cmd/orderingpeer/main.go:285 +0x6b4

Previous write at 0x00000130ab00 by goroutine 552:
  github.com/hyperledger-labs/mirbft/log.publishEntries()
      /opt/gopath/src/github.com/hyperledger-labs/mirbft/log/log.go:291 +0x79d
  github.com/hyperledger-labs/mirbft/log.CommitEntry()
      /opt/gopath/src/github.com/hyperledger-labs/mirbft/log/log.go:110 +0x284
  github.com/hyperledger-labs/mirbft/announcer.Announce()
      /opt/gopath/src/github.com/hyperledger-labs/mirbft/announcer/announcer.go:26 +0x370
  github.com/hyperledger-labs/mirbft/orderer.(*pbftInstance).announce()
      /opt/gopath/src/github.com/hyperledger-labs/mirbft/orderer/pbftinstance.go:722 +0x36b
  github.com/hyperledger-labs/mirbft/orderer.(*pbftInstance).handleCommit()
      /opt/gopath/src/github.com/hyperledger-labs/mirbft/orderer/pbftinstance.go:660 +0x7bd
  github.com/hyperledger-labs/mirbft/orderer.(*pbftInstance).handleMessage()
      /opt/gopath/src/github.com/hyperledger-labs/mirbft/orderer/pbftinstance.go:1806 +0x2e5
  github.com/hyperledger-labs/mirbft/orderer.(*pbftInstance).processSerializedMessages()
      /opt/gopath/src/github.com/hyperledger-labs/mirbft/orderer/pbftinstance.go:1760 +0xdd
  github.com/hyperledger-labs/mirbft/orderer.(*PbftOrderer).runSegment.func2()
      /opt/gopath/src/github.com/hyperledger-labs/mirbft/orderer/pbftorderer.go:199 +0x39

Goroutine 546 (running) created at:
  main.main()
      /opt/gopath/src/github.com/hyperledger-labs/mirbft/cmd/orderingpeer/main.go:214 +0x17dd
  runtime.deferreturn()
      /home/ubuntu/go/src/runtime/panic.go:476 +0x32
  main.main()
      /opt/gopath/src/github.com/hyperledger-labs/mirbft/cmd/orderingpeer/main.go:166 +0xed8
  runtime.deferreturn()
      /home/ubuntu/go/src/runtime/panic.go:476 +0x32
  main.main()
      /opt/gopath/src/github.com/hyperledger-labs/mirbft/cmd/orderingpeer/main.go:82 +0x56c

Goroutine 552 (running) created at:
  github.com/hyperledger-labs/mirbft/orderer.(*PbftOrderer).runSegment()
      /opt/gopath/src/github.com/hyperledger-labs/mirbft/orderer/pbftorderer.go:199 +0x3f6
  github.com/hyperledger-labs/mirbft/orderer.(*PbftOrderer).Start()
      /opt/gopath/src/github.com/hyperledger-labs/mirbft/orderer/pbftorderer.go:176 +0x344
  main.main.func8()
      /opt/gopath/src/github.com/hyperledger-labs/mirbft/cmd/orderingpeer/main.go:190 +0x59
==================
20:07:01.308 INF collect metrics. times=4 timestamp=1727438821308152160
20:07:01.338 INF Sending PREPREPARE. nReq=100 senderID=0 sn=16 view=0
20:07:01.353 INF Committed entry. latency=0 nReq=100 sn=16
20:07:01.353 INF Delivered batch. nReq=100 sn=16
20:07:01.438 INF Sending PREPREPARE. nReq=100 senderID=0 sn=17 view=0
20:07:01.452 INF Committed entry. latency=0 nReq=100 sn=17
20:07:01.453 INF Delivered batch. nReq=100 sn=17
20:07:01.540 INF Sending PREPREPARE. nReq=101 senderID=0 sn=18 view=0
20:07:01.553 INF Committed entry. latency=0 nReq=101 sn=18
20:07:01.553 INF Delivered batch. nReq=101 sn=18
20:07:01.640 INF Sending PREPREPARE. nReq=101 senderID=0 sn=19 view=0
20:07:01.656 INF Committed entry. latency=0 nReq=101 sn=19
20:07:01.656 INF Delivered batch. nReq=101 sn=19
20:07:01.741 INF Sending PREPREPARE. nReq=101 senderID=0 sn=20 view=0
20:07:01.755 INF Committed entry. latency=0 nReq=101 sn=20
20:07:01.755 INF Delivered batch. nReq=101 sn=20
20:07:01.798 INF send metrics to agent. timestamp=1727438821798425827
20:07:01.803 INF receive response and modify the config timestamp=1727438821803307497
20:07:01.843 INF Sending PREPREPARE. nReq=101 senderID=0 sn=21 view=0
20:07:01.859 INF Committed entry. latency=0 nReq=101 sn=21
20:07:01.859 INF Delivered batch. nReq=101 sn=21
20:07:01.942 INF Sending PREPREPARE. nReq=102 senderID=0 sn=22 view=0
20:07:01.952 INF Committed entry. latency=0 nReq=102 sn=22
20:07:01.952 INF Delivered batch. nReq=102 sn=22
20:07:02.045 INF Sending PREPREPARE. nReq=101 senderID=0 sn=23 view=0
20:07:02.061 INF Committed entry. latency=0 nReq=101 sn=23
20:07:02.061 INF Delivered batch. nReq=101 sn=23
20:07:02.146 INF Sending PREPREPARE. nReq=101 senderID=0 sn=24 view=0
20:07:02.161 INF Committed entry. latency=0 nReq=101 sn=24
20:07:02.162 INF Delivered batch. nReq=101 sn=24
20:07:02.247 INF Sending PREPREPARE. nReq=100 senderID=0 sn=25 view=0
20:07:02.262 INF Committed entry. latency=0 nReq=100 sn=25
20:07:02.262 INF Delivered batch. nReq=100 sn=25
20:07:02.306 INF collect metrics. times=5 timestamp=1727438822306669493
20:07:02.347 INF Sending PREPREPARE. nReq=101 senderID=0 sn=26 view=0
20:07:02.362 INF Committed entry. latency=0 nReq=101 sn=26
20:07:02.362 INF Delivered batch. nReq=101 sn=26
20:07:02.448 INF Sending PREPREPARE. nReq=101 senderID=0 sn=27 view=0
20:07:02.463 INF Committed entry. latency=0 nReq=101 sn=27
20:07:02.463 INF Delivered batch. nReq=101 sn=27
20:07:02.549 INF Sending PREPREPARE. nReq=102 senderID=0 sn=28 view=0
20:07:02.564 INF Committed entry. latency=0 nReq=102 sn=28
20:07:02.564 INF Delivered batch. nReq=102 sn=28
20:07:02.651 INF Sending PREPREPARE. nReq=101 senderID=0 sn=29 view=0
20:07:02.666 INF Committed entry. latency=0 nReq=101 sn=29
20:07:02.666 INF Delivered batch. nReq=101 sn=29
20:07:02.752 INF Sending PREPREPARE. nReq=101 senderID=0 sn=30 view=0
20:07:02.768 INF Committed entry. latency=0 nReq=101 sn=30
20:07:02.768 INF Delivered batch. nReq=101 sn=30
20:07:02.798 INF send metrics to agent. timestamp=1727438822798327201
20:07:02.802 INF receive response and modify the config timestamp=1727438822802822280
20:07:02.853 INF Sending PREPREPARE. nReq=100 senderID=0 sn=31 view=0
20:07:02.870 INF Committed entry. latency=0 nReq=100 sn=31
20:07:02.870 INF Delivered batch. nReq=100 sn=31
20:07:02.954 INF Sending PREPREPARE. nReq=103 senderID=0 sn=32 view=0
20:07:02.970 INF Committed entry. latency=0 nReq=103 sn=32
20:07:02.970 INF Delivered batch. nReq=103 sn=32
20:07:03.054 INF Sending PREPREPARE. nReq=99 senderID=0 sn=33 view=0
20:07:03.069 INF Committed entry. latency=0 nReq=99 sn=33
20:07:03.069 INF Delivered batch. nReq=99 sn=33
20:07:03.155 INF Sending PREPREPARE. nReq=101 senderID=0 sn=34 view=0
20:07:03.171 INF Committed entry. latency=0 nReq=101 sn=34
20:07:03.171 INF Delivered batch. nReq=101 sn=34
20:07:03.256 INF Sending PREPREPARE. nReq=101 senderID=0 sn=35 view=0
20:07:03.271 INF Committed entry. latency=0 nReq=101 sn=35
20:07:03.271 INF Delivered batch. nReq=101 sn=35
20:07:03.307 INF collect metrics. times=6 timestamp=1727438823307155023
20:07:03.356 INF Sending PREPREPARE. nReq=101 senderID=0 sn=36 view=0
20:07:03.371 INF Committed entry. latency=0 nReq=101 sn=36
20:07:03.371 INF Delivered batch. nReq=101 sn=36
20:07:03.457 INF Sending PREPREPARE. nReq=101 senderID=0 sn=37 view=0
20:07:03.471 INF Committed entry. latency=0 nReq=101 sn=37
20:07:03.472 INF Delivered batch. nReq=101 sn=37
20:07:03.557 INF Sending PREPREPARE. nReq=100 senderID=0 sn=38 view=0
20:07:03.572 INF Committed entry. latency=0 nReq=100 sn=38
20:07:03.572 INF Delivered batch. nReq=100 sn=38
20:07:03.658 INF Sending PREPREPARE. nReq=100 senderID=0 sn=39 view=0
20:07:03.672 INF Committed entry. latency=0 nReq=100 sn=39
20:07:03.672 INF Delivered batch. nReq=100 sn=39
20:07:03.759 INF Sending PREPREPARE. nReq=101 senderID=0 sn=40 view=0
20:07:03.774 INF Committed entry. latency=0 nReq=101 sn=40
20:07:03.775 INF Delivered batch. nReq=101 sn=40
20:07:03.799 INF send metrics to agent. timestamp=1727438823799139299
20:07:03.803 INF receive response and modify the config timestamp=1727438823803538668
20:07:03.859 INF Sending PREPREPARE. nReq=100 senderID=0 sn=41 view=0
20:07:03.875 INF Committed entry. latency=0 nReq=100 sn=41
20:07:03.876 INF Delivered batch. nReq=100 sn=41
20:07:03.961 INF Sending PREPREPARE. nReq=102 senderID=0 sn=42 view=0
20:07:03.976 INF Committed entry. latency=0 nReq=102 sn=42
20:07:03.977 INF Delivered batch. nReq=102 sn=42
20:07:04.062 INF Sending PREPREPARE. nReq=101 senderID=0 sn=43 view=0
20:07:04.076 INF Committed entry. latency=0 nReq=101 sn=43
20:07:04.076 INF Delivered batch. nReq=101 sn=43
20:07:04.162 INF Sending PREPREPARE. nReq=100 senderID=0 sn=44 view=0
20:07:04.178 INF Committed entry. latency=0 nReq=100 sn=44
20:07:04.178 INF Delivered batch. nReq=100 sn=44
20:07:04.263 INF Sending PREPREPARE. nReq=101 senderID=0 sn=45 view=0
20:07:04.279 INF Committed entry. latency=0 nReq=101 sn=45
20:07:04.279 INF Delivered batch. nReq=101 sn=45
20:07:04.307 INF collect metrics. times=7 timestamp=1727438824307083109
20:07:04.364 INF Sending PREPREPARE. nReq=101 senderID=0 sn=46 view=0
20:07:04.379 INF Committed entry. latency=0 nReq=101 sn=46
20:07:04.379 INF Delivered batch. nReq=101 sn=46
20:07:04.465 INF Sending PREPREPARE. nReq=101 senderID=0 sn=47 view=0
20:07:04.481 INF Committed entry. latency=0 nReq=101 sn=47
20:07:04.481 INF Delivered batch. nReq=101 sn=47
20:07:04.566 INF Sending PREPREPARE. nReq=101 senderID=0 sn=48 view=0
20:07:04.580 INF Committed entry. latency=0 nReq=101 sn=48
20:07:04.581 INF Delivered batch. nReq=101 sn=48
20:07:04.667 INF Sending PREPREPARE. nReq=101 senderID=0 sn=49 view=0
20:07:04.681 INF Committed entry. latency=0 nReq=101 sn=49
20:07:04.682 INF Delivered batch. nReq=101 sn=49
20:07:04.768 INF Sending PREPREPARE. nReq=100 senderID=0 sn=50 view=0
20:07:04.782 INF Committed entry. latency=0 nReq=100 sn=50
20:07:04.782 INF Delivered batch. nReq=100 sn=50
20:07:04.798 INF send metrics to agent. timestamp=1727438824798540710
20:07:04.803 INF receive response and modify the config timestamp=1727438824803926247
20:07:04.868 INF Sending PREPREPARE. nReq=102 senderID=0 sn=51 view=0
20:07:04.884 INF Committed entry. latency=0 nReq=102 sn=51
20:07:04.884 INF Delivered batch. nReq=102 sn=51
20:07:04.969 INF Sending PREPREPARE. nReq=100 senderID=0 sn=52 view=0
20:07:04.983 INF Committed entry. latency=0 nReq=100 sn=52
20:07:04.984 INF Delivered batch. nReq=100 sn=52
20:07:05.070 INF Sending PREPREPARE. nReq=101 senderID=0 sn=53 view=0
20:07:05.084 INF Committed entry. latency=0 nReq=101 sn=53
20:07:05.084 INF Delivered batch. nReq=101 sn=53
20:07:05.171 INF Sending PREPREPARE. nReq=101 senderID=0 sn=54 view=0
20:07:05.188 INF Committed entry. latency=0 nReq=101 sn=54
20:07:05.188 INF Delivered batch. nReq=101 sn=54
20:07:05.272 INF Sending PREPREPARE. nReq=100 senderID=0 sn=55 view=0
20:07:05.287 INF Committed entry. latency=0 nReq=100 sn=55
20:07:05.287 INF Delivered batch. nReq=100 sn=55
20:07:05.305 INF collect metrics. times=8 timestamp=1727438825305188564
20:07:05.372 INF Sending PREPREPARE. nReq=101 senderID=0 sn=56 view=0
20:07:05.387 INF Committed entry. latency=0 nReq=101 sn=56
20:07:05.387 INF Delivered batch. nReq=101 sn=56
20:07:05.473 INF Sending PREPREPARE. nReq=102 senderID=0 sn=57 view=0
20:07:05.487 INF Committed entry. latency=0 nReq=102 sn=57
20:07:05.487 INF Delivered batch. nReq=102 sn=57
20:07:05.573 INF Sending PREPREPARE. nReq=99 senderID=0 sn=58 view=0
20:07:05.588 INF Committed entry. latency=0 nReq=99 sn=58
20:07:05.588 INF Delivered batch. nReq=99 sn=58
20:07:05.674 INF Sending PREPREPARE. nReq=101 senderID=0 sn=59 view=0
20:07:05.689 INF Committed entry. latency=0 nReq=101 sn=59
20:07:05.689 INF Delivered batch. nReq=101 sn=59
20:07:05.774 INF Sending PREPREPARE. nReq=100 senderID=0 sn=60 view=0
20:07:05.789 INF Committed entry. latency=0 nReq=100 sn=60
20:07:05.789 INF Delivered batch. nReq=100 sn=60
20:07:05.798 INF send metrics to agent. timestamp=1727438825798590582
20:07:05.803 INF receive response and modify the config timestamp=1727438825803677303
20:07:05.876 INF Sending PREPREPARE. nReq=101 senderID=0 sn=61 view=0
20:07:05.892 INF Committed entry. latency=0 nReq=101 sn=61
20:07:05.892 INF Delivered batch. nReq=101 sn=61
20:07:05.976 INF Sending PREPREPARE. nReq=101 senderID=0 sn=62 view=0
20:07:05.991 INF Committed entry. latency=0 nReq=101 sn=62
20:07:05.991 INF Delivered batch. nReq=101 sn=62
20:07:06.077 INF Sending PREPREPARE. nReq=102 senderID=0 sn=63 view=0
20:07:06.091 INF Committed entry. latency=0 nReq=102 sn=63
20:07:06.091 INF Delivered batch. nReq=102 sn=63
20:07:06.178 INF Sending PREPREPARE. nReq=100 senderID=0 sn=64 view=0
20:07:06.194 INF Committed entry. latency=0 nReq=100 sn=64
20:07:06.194 INF Delivered batch. nReq=100 sn=64
20:07:06.279 INF Sending PREPREPARE. nReq=100 senderID=0 sn=65 view=0
20:07:06.293 INF Committed entry. latency=0 nReq=100 sn=65
20:07:06.293 INF Delivered batch. nReq=100 sn=65
20:07:06.306 INF collect metrics. times=9 timestamp=1727438826306236825
20:07:06.379 INF Sending PREPREPARE. nReq=101 senderID=0 sn=66 view=0
20:07:06.393 INF Committed entry. latency=0 nReq=101 sn=66
20:07:06.394 INF Delivered batch. nReq=101 sn=66
20:07:06.480 INF Sending PREPREPARE. nReq=101 senderID=0 sn=67 view=0
20:07:06.495 INF Committed entry. latency=0 nReq=101 sn=67
20:07:06.495 INF Delivered batch. nReq=101 sn=67
20:07:06.580 INF Sending PREPREPARE. nReq=100 senderID=0 sn=68 view=0
20:07:06.595 INF Committed entry. latency=0 nReq=100 sn=68
20:07:06.595 INF Delivered batch. nReq=100 sn=68
20:07:06.681 INF Sending PREPREPARE. nReq=101 senderID=0 sn=69 view=0
20:07:06.695 INF Committed entry. latency=0 nReq=101 sn=69
20:07:06.696 INF Delivered batch. nReq=101 sn=69
20:07:06.781 INF Sending PREPREPARE. nReq=100 senderID=0 sn=70 view=0
20:07:06.796 INF Committed entry. latency=0 nReq=100 sn=70
20:07:06.796 INF Delivered batch. nReq=100 sn=70
20:07:06.798 INF send metrics to agent. timestamp=1727438826798275213
20:07:06.803 INF receive response and modify the config timestamp=1727438826803672376
20:07:06.883 INF Sending PREPREPARE. nReq=101 senderID=0 sn=71 view=0
20:07:06.899 INF Committed entry. latency=0 nReq=101 sn=71
20:07:06.900 INF Delivered batch. nReq=101 sn=71
20:07:06.983 INF Sending PREPREPARE. nReq=101 senderID=0 sn=72 view=0
20:07:06.997 INF Committed entry. latency=0 nReq=101 sn=72
20:07:06.997 INF Delivered batch. nReq=101 sn=72
20:07:07.084 INF Sending PREPREPARE. nReq=101 senderID=0 sn=73 view=0
20:07:07.098 INF Committed entry. latency=0 nReq=101 sn=73
20:07:07.099 INF Delivered batch. nReq=101 sn=73
20:07:07.185 INF Sending PREPREPARE. nReq=101 senderID=0 sn=74 view=0
20:07:07.200 INF Committed entry. latency=0 nReq=101 sn=74
20:07:07.200 INF Delivered batch. nReq=101 sn=74
20:07:07.285 INF Sending PREPREPARE. nReq=100 senderID=0 sn=75 view=0
20:07:07.306 INF collect metrics. times=10 timestamp=1727438827306492310
20:07:07.307 INF Committed entry. latency=0 nReq=100 sn=75
20:07:07.307 INF Delivered batch. nReq=100 sn=75
20:07:07.386 INF Sending PREPREPARE. nReq=101 senderID=0 sn=76 view=0
20:07:07.401 INF Committed entry. latency=0 nReq=101 sn=76
20:07:07.401 INF Delivered batch. nReq=101 sn=76
20:07:07.487 INF Sending PREPREPARE. nReq=101 senderID=0 sn=77 view=0
20:07:07.503 INF Committed entry. latency=0 nReq=101 sn=77
20:07:07.503 INF Delivered batch. nReq=101 sn=77
20:07:07.587 INF Sending PREPREPARE. nReq=100 senderID=0 sn=78 view=0
20:07:07.602 INF Committed entry. latency=0 nReq=100 sn=78
20:07:07.602 INF Delivered batch. nReq=100 sn=78
20:07:07.688 INF Sending PREPREPARE. nReq=102 senderID=0 sn=79 view=0
20:07:07.703 INF Committed entry. latency=0 nReq=102 sn=79
20:07:07.703 INF Delivered batch. nReq=102 sn=79
20:07:07.788 INF Sending PREPREPARE. nReq=99 senderID=0 sn=80 view=0
20:07:07.799 INF send metrics to agent. timestamp=1727438827799415833
20:07:07.803 INF Committed entry. latency=0 nReq=99 sn=80
20:07:07.803 INF Delivered batch. nReq=99 sn=80
20:07:07.805 INF receive response and modify the config timestamp=1727438827805122736
20:07:07.889 INF Sending PREPREPARE. nReq=101 senderID=0 sn=81 view=0
20:07:07.904 INF Committed entry. latency=0 nReq=101 sn=81
20:07:07.904 INF Delivered batch. nReq=101 sn=81
20:07:07.990 INF Sending PREPREPARE. nReq=101 senderID=0 sn=82 view=0
20:07:08.005 INF Committed entry. latency=0 nReq=101 sn=82
20:07:08.006 INF Delivered batch. nReq=101 sn=82
20:07:08.091 INF Sending PREPREPARE. nReq=101 senderID=0 sn=83 view=0
20:07:08.106 INF Committed entry. latency=0 nReq=101 sn=83
20:07:08.106 INF Delivered batch. nReq=101 sn=83
20:07:08.192 INF Sending PREPREPARE. nReq=101 senderID=0 sn=84 view=0
20:07:08.207 INF Committed entry. latency=0 nReq=101 sn=84
20:07:08.207 INF Delivered batch. nReq=101 sn=84
20:07:08.292 INF Sending PREPREPARE. nReq=101 senderID=0 sn=85 view=0
==================
WARNING: DATA RACE
Write at 0x000001308480 by goroutine 546:
  main.main.func1()
      /opt/gopath/src/github.com/hyperledger-labs/mirbft/cmd/orderingpeer/main.go:295 +0x8cd

Previous write at 0x000001308480 by goroutine 567:
  github.com/hyperledger-labs/mirbft/request.HandleRequest()
      /opt/gopath/src/github.com/hyperledger-labs/mirbft/request/requesthandler.go:49 +0x184
  github.com/hyperledger-labs/mirbft/messenger.(*messengerServer).Request()
      /opt/gopath/src/github.com/hyperledger-labs/mirbft/messenger/clients.go:77 +0x19d
  github.com/hyperledger-labs/mirbft/protobufs._Messenger_Request_Handler()
      /opt/gopath/src/github.com/hyperledger-labs/mirbft/protobufs/messenger.pb.go:1158 +0xc2
  google.golang.org/grpc.(*Server).processStreamingRPC()
      /opt/gopath/src/google.golang.org/grpc/server.go:1673 +0x1e87
  google.golang.org/grpc.(*Server).handleStream()
      /opt/gopath/src/google.golang.org/grpc/server.go:1794 +0x19c6
  google.golang.org/grpc.(*Server).serveStreams.func2.1()
      /opt/gopath/src/google.golang.org/grpc/server.go:1029 +0x125

Goroutine 546 (running) created at:
  main.main()
      /opt/gopath/src/github.com/hyperledger-labs/mirbft/cmd/orderingpeer/main.go:214 +0x17dd
  runtime.deferreturn()
      /home/ubuntu/go/src/runtime/panic.go:476 +0x32
  main.main()
      /opt/gopath/src/github.com/hyperledger-labs/mirbft/cmd/orderingpeer/main.go:166 +0xed8
  runtime.deferreturn()
      /home/ubuntu/go/src/runtime/panic.go:476 +0x32
  main.main()
      /opt/gopath/src/github.com/hyperledger-labs/mirbft/cmd/orderingpeer/main.go:82 +0x56c

Goroutine 567 (running) created at:
  google.golang.org/grpc.(*Server).serveStreams.func2()
      /opt/gopath/src/google.golang.org/grpc/server.go:1040 +0x224
  google.golang.org/grpc/internal/transport.(*http2Server).operateHeaders()
      /opt/gopath/src/google.golang.org/grpc/internal/transport/http2_server.go:631 +0x389e
  google.golang.org/grpc/internal/transport.(*http2Server).HandleStreams()
      /opt/gopath/src/google.golang.org/grpc/internal/transport/http2_server.go:672 +0x258
  google.golang.org/grpc.(*Server).serveStreams()
      /opt/gopath/src/google.golang.org/grpc/server.go:1023 +0x68b
  google.golang.org/grpc.(*Server).handleRawConn.func1()
      /opt/gopath/src/google.golang.org/grpc/server.go:959 +0x9c
==================
20:07:08.309 INF collect metrics. times=11 timestamp=1727438828309785614
20:07:08.310 INF Committed entry. latency=0 nReq=101 sn=85
20:07:08.310 INF Delivered batch. nReq=101 sn=85
20:07:08.393 INF Sending PREPREPARE. nReq=100 senderID=0 sn=86 view=0
20:07:08.408 INF Committed entry. latency=0 nReq=100 sn=86
20:07:08.408 INF Delivered batch. nReq=100 sn=86
20:07:08.495 INF Sending PREPREPARE. nReq=102 senderID=0 sn=87 view=0
20:07:08.510 INF Committed entry. latency=0 nReq=102 sn=87
20:07:08.510 INF Delivered batch. nReq=102 sn=87
20:07:08.596 INF Sending PREPREPARE. nReq=100 senderID=0 sn=88 view=0
20:07:08.611 INF Committed entry. latency=0 nReq=100 sn=88
20:07:08.611 INF Delivered batch. nReq=100 sn=88
20:07:08.696 INF Sending PREPREPARE. nReq=101 senderID=0 sn=89 view=0
20:07:08.712 INF Committed entry. latency=0 nReq=101 sn=89
20:07:08.712 INF Delivered batch. nReq=101 sn=89
20:07:08.797 INF Sending PREPREPARE. nReq=101 senderID=0 sn=90 view=0
20:07:08.798 INF send metrics to agent. timestamp=1727438828798299039
20:07:08.803 INF receive response and modify the config timestamp=1727438828803334714
20:07:08.812 INF Committed entry. latency=0 nReq=101 sn=90
20:07:08.813 INF Delivered batch. nReq=101 sn=90
20:07:08.898 INF Sending PREPREPARE. nReq=101 senderID=0 sn=91 view=0
20:07:08.913 INF Committed entry. latency=0 nReq=101 sn=91
20:07:08.913 INF Delivered batch. nReq=101 sn=91
20:07:08.998 INF Sending PREPREPARE. nReq=100 senderID=0 sn=92 view=0
20:07:09.013 INF Committed entry. latency=0 nReq=100 sn=92
20:07:09.013 INF Delivered batch. nReq=100 sn=92
20:07:09.099 INF Sending PREPREPARE. nReq=102 senderID=0 sn=93 view=0
20:07:09.113 INF Committed entry. latency=0 nReq=102 sn=93
20:07:09.114 INF Delivered batch. nReq=102 sn=93
20:07:09.200 INF Sending PREPREPARE. nReq=100 senderID=0 sn=94 view=0
20:07:09.214 INF Committed entry. latency=0 nReq=100 sn=94
20:07:09.214 INF Delivered batch. nReq=100 sn=94
20:07:09.305 INF collect metrics. times=12 timestamp=1727438829305438082
20:07:09.307 INF Sending PREPREPARE. nReq=100 senderID=0 sn=95 view=0
20:07:09.321 INF Committed entry. latency=0 nReq=100 sn=95
20:07:09.322 INF Delivered batch. nReq=100 sn=95
20:07:09.402 INF Sending PREPREPARE. nReq=102 senderID=0 sn=96 view=0
20:07:09.417 INF Committed entry. latency=0 nReq=102 sn=96
20:07:09.417 INF Delivered batch. nReq=102 sn=96
20:07:09.502 INF Sending PREPREPARE. nReq=100 senderID=0 sn=97 view=0
20:07:09.505 INF Stopping profiler.
20:07:09.505 INF Stopping Tracer. events=231 fileName=experiment-output/0000/slave-002/peer.trc
20:07:09.508 INF Trace data written.
20:07:09.520 INF Committed entry. latency=0 nReq=100 sn=97
20:07:09.520 INF Delivered batch. nReq=100 sn=97
20:07:09.603 INF Sending PREPREPARE. nReq=102 senderID=0 sn=98 view=0
20:07:09.619 INF Committed entry. latency=0 nReq=102 sn=98
20:07:09.619 INF Delivered batch. nReq=102 sn=98
20:07:09.677 INF Connection terminated. error="rpc error: code = Canceled desc = context canceled" address=127.0.0.1:39718
20:07:09.677 INF Connection terminated. error="rpc error: code = Canceled desc = context canceled" address=127.0.0.1:39894
20:07:09.677 INF Connection terminated. error="rpc error: code = Canceled desc = context canceled" address=127.0.0.1:39868
20:07:09.677 INF Connection terminated. error="rpc error: code = Canceled desc = context canceled" address=127.0.0.1:39726
20:07:09.677 INF Connection terminated. error="rpc error: code = Canceled desc = context canceled" address=127.0.0.1:39838
20:07:09.677 INF Connection terminated. error="rpc error: code = Canceled desc = context canceled" address=127.0.0.1:39816
20:07:09.680 INF Connection terminated. error="rpc error: code = Canceled desc = context canceled" address=127.0.0.1:39798
20:07:09.680 INF Connection terminated. error="rpc error: code = Canceled desc = context canceled" address=127.0.0.1:39812
20:07:09.680 INF Connection terminated. error="rpc error: code = Canceled desc = context canceled" address=127.0.0.1:39770
20:07:09.680 INF Connection terminated. error="rpc error: code = Canceled desc = context canceled" address=127.0.0.1:39728
20:07:09.680 INF Connection terminated. error="rpc error: code = Canceled desc = context canceled" address=127.0.0.1:39686
20:07:09.680 INF Connection terminated. error="rpc error: code = Canceled desc = context canceled" address=127.0.0.1:39740
20:07:09.690 INF Profile data written. filename=experiment-output/0000/slave-002/prof.cpu name=cpu
20:07:09.702 INF Sending PREPREPARE. nReq=100 senderID=0 sn=99 view=0
20:07:09.704 ERR Failed to send protocol message. Dropping all future outgoing protocol messages. error=EOF
20:07:09.704 ERR Failed to send protocol message. Dropping all future outgoing protocol messages. error=EOF
20:07:09.712 INF Connection terminated. error="rpc error: code = Canceled desc = context canceled" address=127.0.0.1:39782
20:07:09.712 INF Connection terminated. error="rpc error: code = Canceled desc = context canceled" address=127.0.0.1:39774
20:07:09.712 INF Connection terminated. error="rpc error: code = Canceled desc = context canceled" address=127.0.0.1:39760
20:07:09.712 INF Connection terminated. error="rpc error: code = Canceled desc = context canceled" address=127.0.0.1:39746
20:07:09.712 INF Connection terminated. error="rpc error: code = Canceled desc = context canceled" address=127.0.0.1:39704
20:07:09.712 INF Connection terminated. error="rpc error: code = Canceled desc = context canceled" address=127.0.0.1:39700
20:07:09.722 INF Profile data written. filename=experiment-output/0000/slave-002/prof.block name=block
20:07:09.732 INF Profile data written. filename=experiment-output/0000/slave-002/prof.mutex name=mutex
